2024-06-18 08:05:55.902 +03:00 [INF] Application started. Press Ctrl+C to shut down.
2024-06-18 08:05:56.142 +03:00 [INF] Hosting environment: Development
2024-06-18 08:05:56.144 +03:00 [INF] Content root path: C:\Users\Caleb.Muchiri\Documents\EC\Minimart Api
2024-06-18 08:05:56.188 +03:00 [INF] Request starting HTTP/2 GET https://localhost:44334/swagger - null null
2024-06-18 08:05:56.188 +03:00 [INF] Request starting HTTP/2 GET https://localhost:44334/swagger/index.html - null null
2024-06-18 08:05:56.455 +03:00 [INF] Request finished HTTP/2 GET https://localhost:44334/swagger - 499 null null 273.0535ms
2024-06-18 08:05:56.640 +03:00 [INF] Request finished HTTP/2 GET https://localhost:44334/swagger/index.html - 200 null text/html;charset=utf-8 459.349ms
2024-06-18 08:05:56.692 +03:00 [INF] Request starting HTTP/2 GET https://localhost:44334/_framework/aspnetcore-browser-refresh.js - null null
2024-06-18 08:05:56.705 +03:00 [INF] Request starting HTTP/2 GET https://localhost:44334/_vs/browserLink - null null
2024-06-18 08:05:56.706 +03:00 [INF] Request finished HTTP/2 GET https://localhost:44334/_framework/aspnetcore-browser-refresh.js - 200 13759 application/javascript; charset=utf-8 13.0339ms
2024-06-18 08:05:56.787 +03:00 [INF] Request finished HTTP/2 GET https://localhost:44334/_vs/browserLink - 200 null text/javascript; charset=UTF-8 81.8146ms
2024-06-18 08:05:56.883 +03:00 [INF] Request starting HTTP/2 GET https://localhost:44334/swagger/v1/swagger.json - null null
2024-06-18 08:05:57.071 +03:00 [INF] Request finished HTTP/2 GET https://localhost:44334/swagger/v1/swagger.json - 200 null application/json;charset=utf-8 187.6418ms
2024-06-18 08:07:10.057 +03:00 [INF] Request starting HTTP/2 GET https://localhost:44334/api/Entities - null null
2024-06-18 08:07:10.068 +03:00 [INF] Executing endpoint 'Minimart_Api.Controllers.EntitiesController.GetEntities (Minimart Api)'
2024-06-18 08:07:10.087 +03:00 [INF] Route matched with {action = "GetEntities", controller = "Entities"}. Executing controller action with signature System.Threading.Tasks.Task`1[Microsoft.AspNetCore.Mvc.IActionResult] GetEntities() on controller Minimart_Api.Controllers.EntitiesController (Minimart Api).
2024-06-18 08:07:32.597 +03:00 [INF] Application started. Press Ctrl+C to shut down.
2024-06-18 08:07:32.616 +03:00 [INF] Request starting HTTP/2 GET https://localhost:44334/swagger - null null
2024-06-18 08:07:32.616 +03:00 [INF] Request starting HTTP/2 GET https://localhost:44334/swagger/index.html - null null
2024-06-18 08:07:32.634 +03:00 [INF] Hosting environment: Development
2024-06-18 08:07:32.634 +03:00 [INF] Content root path: C:\Users\Caleb.Muchiri\Documents\EC\Minimart Api
2024-06-18 08:07:32.758 +03:00 [INF] Request finished HTTP/2 GET https://localhost:44334/swagger - 499 null null 145.8763ms
2024-06-18 08:07:32.829 +03:00 [INF] Request finished HTTP/2 GET https://localhost:44334/swagger/index.html - 200 null text/html;charset=utf-8 219.2508ms
2024-06-18 08:07:32.865 +03:00 [INF] Request starting HTTP/2 GET https://localhost:44334/swagger/swagger-ui.css - null null
2024-06-18 08:07:32.865 +03:00 [INF] Request starting HTTP/2 GET https://localhost:44334/_framework/aspnetcore-browser-refresh.js - null null
2024-06-18 08:07:32.865 +03:00 [INF] Request starting HTTP/2 GET https://localhost:44334/_vs/browserLink - null null
2024-06-18 08:07:32.882 +03:00 [INF] Request finished HTTP/2 GET https://localhost:44334/_framework/aspnetcore-browser-refresh.js - 200 13759 application/javascript; charset=utf-8 9.3281ms
2024-06-18 08:07:32.901 +03:00 [INF] Sending file. Request path: '/swagger-ui.css'. Physical path: 'N/A'
2024-06-18 08:07:32.902 +03:00 [INF] Request finished HTTP/2 GET https://localhost:44334/swagger/swagger-ui.css - 499 143943 text/css 36.9272ms
2024-06-18 08:07:32.931 +03:00 [INF] Request finished HTTP/2 GET https://localhost:44334/_vs/browserLink - 200 null text/javascript; charset=UTF-8 66.3387ms
2024-06-18 08:07:32.960 +03:00 [INF] Request starting HTTP/2 GET https://localhost:44334/swagger/favicon-32x32.png - null null
2024-06-18 08:07:32.961 +03:00 [INF] Sending file. Request path: '/favicon-32x32.png'. Physical path: 'N/A'
2024-06-18 08:07:32.961 +03:00 [INF] Request finished HTTP/2 GET https://localhost:44334/swagger/favicon-32x32.png - 499 628 image/png 1.4352ms
2024-06-18 08:07:32.995 +03:00 [INF] Request starting HTTP/2 GET https://localhost:44334/swagger/v1/swagger.json - null null
2024-06-18 08:07:33.095 +03:00 [INF] Request finished HTTP/2 GET https://localhost:44334/swagger/v1/swagger.json - 200 null application/json;charset=utf-8 102.4087ms
2024-06-18 08:07:37.765 +03:00 [INF] Request starting HTTP/2 GET https://localhost:44334/api/Entities - null null
2024-06-18 08:07:37.777 +03:00 [INF] Executing endpoint 'Minimart_Api.Controllers.EntitiesController.GetEntities (Minimart Api)'
2024-06-18 08:07:37.794 +03:00 [INF] Route matched with {action = "GetEntities", controller = "Entities"}. Executing controller action with signature System.Threading.Tasks.Task`1[Microsoft.AspNetCore.Mvc.IActionResult] GetEntities() on controller Minimart_Api.Controllers.EntitiesController (Minimart Api).
2024-06-18 08:08:32.063 +03:00 [INF] Application started. Press Ctrl+C to shut down.
2024-06-18 08:08:32.088 +03:00 [INF] Request starting HTTP/2 GET https://localhost:44334/swagger/index.html - null null
2024-06-18 08:08:32.113 +03:00 [INF] Hosting environment: Development
2024-06-18 08:08:32.088 +03:00 [INF] Request starting HTTP/2 GET https://localhost:44334/swagger - null null
2024-06-18 08:08:32.113 +03:00 [INF] Content root path: C:\Users\Caleb.Muchiri\Documents\EC\Minimart Api
2024-06-18 08:08:32.250 +03:00 [INF] Request finished HTTP/2 GET https://localhost:44334/swagger - 499 null null 172.7524ms
2024-06-18 08:08:32.328 +03:00 [INF] Request finished HTTP/2 GET https://localhost:44334/swagger/index.html - 200 null text/html;charset=utf-8 253.0758ms
2024-06-18 08:08:32.354 +03:00 [INF] Request starting HTTP/2 GET https://localhost:44334/swagger/swagger-ui.css - null null
2024-06-18 08:08:32.354 +03:00 [INF] Request starting HTTP/2 GET https://localhost:44334/_framework/aspnetcore-browser-refresh.js - null null
2024-06-18 08:08:32.355 +03:00 [INF] Request starting HTTP/2 GET https://localhost:44334/_vs/browserLink - null null
2024-06-18 08:08:32.361 +03:00 [INF] Request finished HTTP/2 GET https://localhost:44334/_framework/aspnetcore-browser-refresh.js - 200 13759 application/javascript; charset=utf-8 5.7652ms
2024-06-18 08:08:32.390 +03:00 [INF] Sending file. Request path: '/swagger-ui.css'. Physical path: 'N/A'
2024-06-18 08:08:32.390 +03:00 [INF] Request finished HTTP/2 GET https://localhost:44334/swagger/swagger-ui.css - 499 143943 text/css 36.8876ms
2024-06-18 08:08:32.411 +03:00 [INF] Request finished HTTP/2 GET https://localhost:44334/_vs/browserLink - 200 null text/javascript; charset=UTF-8 57.5898ms
2024-06-18 08:08:32.457 +03:00 [INF] Request starting HTTP/2 GET https://localhost:44334/swagger/favicon-32x32.png - null null
2024-06-18 08:08:32.458 +03:00 [INF] Sending file. Request path: '/favicon-32x32.png'. Physical path: 'N/A'
2024-06-18 08:08:32.458 +03:00 [INF] Request finished HTTP/2 GET https://localhost:44334/swagger/favicon-32x32.png - 499 628 image/png 1.8549ms
2024-06-18 08:08:32.509 +03:00 [INF] Request starting HTTP/2 GET https://localhost:44334/swagger/v1/swagger.json - null null
2024-06-18 08:08:32.635 +03:00 [INF] Request finished HTTP/2 GET https://localhost:44334/swagger/v1/swagger.json - 200 null application/json;charset=utf-8 128.1394ms
2024-06-18 08:08:37.342 +03:00 [INF] Request starting HTTP/2 GET https://localhost:44334/api/Entities - null null
2024-06-18 08:08:37.351 +03:00 [INF] Executing endpoint 'Minimart_Api.Controllers.EntitiesController.GetEntities (Minimart Api)'
2024-06-18 08:08:37.367 +03:00 [INF] Route matched with {action = "GetEntities", controller = "Entities"}. Executing controller action with signature System.Threading.Tasks.Task`1[Microsoft.AspNetCore.Mvc.IActionResult] GetEntities() on controller Minimart_Api.Controllers.EntitiesController (Minimart Api).
2024-06-18 08:08:37.799 +03:00 [WRN] Sensitive data logging is enabled. Log entries and exception messages may include sensitive application data; this mode should only be enabled during development.
2024-06-18 08:08:37.805 +03:00 [INF] warn: 18/06/2024 08:08:37.805 CoreEventId.SensitiveDataLoggingEnabledWarning[10400] (Microsoft.EntityFrameworkCore.Infrastructure) 
      Sensitive data logging is enabled. Log entries and exception messages may include sensitive application data; this mode should only be enabled during development.
2024-06-18 08:08:37.897 +03:00 [INF] Entity Framework Core 6.0.0 initialized 'muchiriDBContext' using provider 'Microsoft.EntityFrameworkCore.SqlServer:6.0.0' with options: SensitiveDataLoggingEnabled 
2024-06-18 08:08:37.899 +03:00 [INF] info: 18/06/2024 08:08:37.899 CoreEventId.ContextInitialized[10403] (Microsoft.EntityFrameworkCore.Infrastructure) 
      Entity Framework Core 6.0.0 initialized 'muchiriDBContext' using provider 'Microsoft.EntityFrameworkCore.SqlServer:6.0.0' with options: SensitiveDataLoggingEnabled 
2024-06-18 08:08:38.818 +03:00 [INF] Executed DbCommand (103ms) [Parameters=[], CommandType='"Text"', CommandTimeout='30']
SELECT [t].[EmailAddress], [t].[IsloggedIn], [t].[Name], [t].[Password], [t].[Role]
FROM [t_user] AS [t]
2024-06-18 08:08:38.821 +03:00 [INF] info: 18/06/2024 08:08:38.821 RelationalEventId.CommandExecuted[20101] (Microsoft.EntityFrameworkCore.Database.Command) 
      Executed DbCommand (103ms) [Parameters=[], CommandType='Text', CommandTimeout='30']
      SELECT [t].[EmailAddress], [t].[IsloggedIn], [t].[Name], [t].[Password], [t].[Role]
      FROM [t_user] AS [t]
2024-06-18 08:08:38.849 +03:00 [INF] Executing OkObjectResult, writing value of type 'System.Collections.Generic.List`1[[Minimart_Api.Models.TUser, Minimart Api, Version=1.0.0.0, Culture=neutral, PublicKeyToken=null]]'.
2024-06-18 08:08:38.859 +03:00 [INF] Executed action Minimart_Api.Controllers.EntitiesController.GetEntities (Minimart Api) in 1516.3155ms
2024-06-18 08:08:38.860 +03:00 [INF] Executed endpoint 'Minimart_Api.Controllers.EntitiesController.GetEntities (Minimart Api)'
2024-06-18 08:08:38.865 +03:00 [INF] Request finished HTTP/2 GET https://localhost:44334/api/Entities - 200 null application/json; charset=utf-8 1550.7973ms
2024-06-18 08:31:56.143 +03:00 [INF] Application started. Press Ctrl+C to shut down.
2024-06-18 08:31:56.165 +03:00 [INF] Request starting HTTP/2 GET https://localhost:44334/swagger/index.html - null null
2024-06-18 08:31:56.165 +03:00 [INF] Request starting HTTP/2 GET https://localhost:44334/swagger - null null
2024-06-18 08:31:56.184 +03:00 [INF] Hosting environment: Development
2024-06-18 08:31:56.184 +03:00 [INF] Content root path: C:\Users\Caleb.Muchiri\Documents\EC\Minimart Api
2024-06-18 08:31:56.334 +03:00 [INF] Request finished HTTP/2 GET https://localhost:44334/swagger - 499 null null 173.2571ms
2024-06-18 08:31:56.423 +03:00 [INF] Request finished HTTP/2 GET https://localhost:44334/swagger/index.html - 200 null text/html;charset=utf-8 262.9475ms
2024-06-18 08:31:56.463 +03:00 [INF] Request starting HTTP/2 GET https://localhost:44334/_vs/browserLink - null null
2024-06-18 08:31:56.463 +03:00 [INF] Request starting HTTP/2 GET https://localhost:44334/_framework/aspnetcore-browser-refresh.js - null null
2024-06-18 08:31:56.477 +03:00 [INF] Request finished HTTP/2 GET https://localhost:44334/_framework/aspnetcore-browser-refresh.js - 200 13759 application/javascript; charset=utf-8 5.286ms
2024-06-18 08:31:56.509 +03:00 [INF] Request finished HTTP/2 GET https://localhost:44334/_vs/browserLink - 200 null text/javascript; charset=UTF-8 45.6386ms
2024-06-18 08:31:56.613 +03:00 [INF] Request starting HTTP/2 GET https://localhost:44334/swagger/v1/swagger.json - null null
2024-06-18 08:31:56.644 +03:00 [ERR] An unhandled exception has occurred while executing the request.
Swashbuckle.AspNetCore.SwaggerGen.SwaggerGeneratorException: Conflicting method/path combination "GET api/Entities" for actions - Minimart_Api.Controllers.EntitiesController.GetEntities (Minimart Api),Minimart_Api.Controllers.EntitiesController.GetAsyncUserName (Minimart Api). Actions require a unique method/path combination for Swagger/OpenAPI 3.0. Use ConflictingActionsResolver as a workaround
   at Swashbuckle.AspNetCore.SwaggerGen.SwaggerGenerator.GenerateOperations(IEnumerable`1 apiDescriptions, SchemaRepository schemaRepository)
   at Swashbuckle.AspNetCore.SwaggerGen.SwaggerGenerator.GeneratePaths(IEnumerable`1 apiDescriptions, SchemaRepository schemaRepository)
   at Swashbuckle.AspNetCore.SwaggerGen.SwaggerGenerator.GetSwaggerDocumentWithoutFilters(String documentName, String host, String basePath)
   at Swashbuckle.AspNetCore.SwaggerGen.SwaggerGenerator.GetSwaggerAsync(String documentName, String host, String basePath)
   at Swashbuckle.AspNetCore.Swagger.SwaggerMiddleware.Invoke(HttpContext httpContext, ISwaggerProvider swaggerProvider)
   at Microsoft.AspNetCore.Diagnostics.DeveloperExceptionPageMiddlewareImpl.Invoke(HttpContext context)
2024-06-18 08:31:56.783 +03:00 [INF] Request finished HTTP/2 GET https://localhost:44334/swagger/v1/swagger.json - 500 null text/plain; charset=utf-8 169.5773ms
2024-06-18 08:34:40.907 +03:00 [INF] Application started. Press Ctrl+C to shut down.
2024-06-18 08:34:40.928 +03:00 [INF] Request starting HTTP/2 GET https://localhost:44334/swagger - null null
2024-06-18 08:34:40.928 +03:00 [INF] Request starting HTTP/2 GET https://localhost:44334/swagger/index.html - null null
2024-06-18 08:34:40.948 +03:00 [INF] Hosting environment: Development
2024-06-18 08:34:40.949 +03:00 [INF] Content root path: C:\Users\Caleb.Muchiri\Documents\EC\Minimart Api
2024-06-18 08:34:41.081 +03:00 [INF] Request finished HTTP/2 GET https://localhost:44334/swagger - 499 null null 159.3835ms
2024-06-18 08:34:41.166 +03:00 [INF] Request finished HTTP/2 GET https://localhost:44334/swagger/index.html - 200 null text/html;charset=utf-8 241.0484ms
2024-06-18 08:34:41.192 +03:00 [INF] Request starting HTTP/2 GET https://localhost:44334/_framework/aspnetcore-browser-refresh.js - null null
2024-06-18 08:34:41.192 +03:00 [INF] Request starting HTTP/2 GET https://localhost:44334/_vs/browserLink - null null
2024-06-18 08:34:41.195 +03:00 [INF] Request starting HTTP/2 GET https://localhost:44334/swagger/swagger-ui.css - null null
2024-06-18 08:34:41.203 +03:00 [INF] Request finished HTTP/2 GET https://localhost:44334/_framework/aspnetcore-browser-refresh.js - 200 13759 application/javascript; charset=utf-8 8.9185ms
2024-06-18 08:34:41.230 +03:00 [INF] Sending file. Request path: '/swagger-ui.css'. Physical path: 'N/A'
2024-06-18 08:34:41.230 +03:00 [INF] Request finished HTTP/2 GET https://localhost:44334/swagger/swagger-ui.css - 499 143943 text/css 35.6036ms
2024-06-18 08:34:41.247 +03:00 [INF] Request finished HTTP/2 GET https://localhost:44334/_vs/browserLink - 200 null text/javascript; charset=UTF-8 54.3554ms
2024-06-18 08:34:41.281 +03:00 [INF] Request starting HTTP/2 GET https://localhost:44334/swagger/favicon-32x32.png - null null
2024-06-18 08:34:41.283 +03:00 [INF] Sending file. Request path: '/favicon-32x32.png'. Physical path: 'N/A'
2024-06-18 08:34:41.283 +03:00 [INF] Request finished HTTP/2 GET https://localhost:44334/swagger/favicon-32x32.png - 499 628 image/png 1.6222ms
2024-06-18 08:34:41.323 +03:00 [INF] Request starting HTTP/2 GET https://localhost:44334/swagger/v1/swagger.json - null null
2024-06-18 08:34:41.348 +03:00 [ERR] An unhandled exception has occurred while executing the request.
Swashbuckle.AspNetCore.SwaggerGen.SwaggerGeneratorException: Conflicting method/path combination "GET api/Entities" for actions - Minimart_Api.Controllers.EntitiesController.GetEntities (Minimart Api),Minimart_Api.Controllers.EntitiesController.GetAsyncUserName (Minimart Api). Actions require a unique method/path combination for Swagger/OpenAPI 3.0. Use ConflictingActionsResolver as a workaround
   at Swashbuckle.AspNetCore.SwaggerGen.SwaggerGenerator.GenerateOperations(IEnumerable`1 apiDescriptions, SchemaRepository schemaRepository)
   at Swashbuckle.AspNetCore.SwaggerGen.SwaggerGenerator.GeneratePaths(IEnumerable`1 apiDescriptions, SchemaRepository schemaRepository)
   at Swashbuckle.AspNetCore.SwaggerGen.SwaggerGenerator.GetSwaggerDocumentWithoutFilters(String documentName, String host, String basePath)
   at Swashbuckle.AspNetCore.SwaggerGen.SwaggerGenerator.GetSwaggerAsync(String documentName, String host, String basePath)
   at Swashbuckle.AspNetCore.Swagger.SwaggerMiddleware.Invoke(HttpContext httpContext, ISwaggerProvider swaggerProvider)
   at Microsoft.AspNetCore.Diagnostics.DeveloperExceptionPageMiddlewareImpl.Invoke(HttpContext context)
2024-06-18 08:34:41.390 +03:00 [INF] Request finished HTTP/2 GET https://localhost:44334/swagger/v1/swagger.json - 500 null text/plain; charset=utf-8 66.2724ms
2024-06-18 08:36:46.667 +03:00 [INF] Request starting HTTP/2 GET https://localhost:44334/swagger/index.html - null null
2024-06-18 08:36:46.678 +03:00 [INF] Request finished HTTP/2 GET https://localhost:44334/swagger/index.html - 200 null text/html;charset=utf-8 10.7573ms
2024-06-18 08:36:46.706 +03:00 [INF] Request starting HTTP/2 GET https://localhost:44334/_framework/aspnetcore-browser-refresh.js - null null
2024-06-18 08:36:46.706 +03:00 [INF] Request starting HTTP/2 GET https://localhost:44334/_vs/browserLink - null null
2024-06-18 08:36:46.707 +03:00 [INF] Request finished HTTP/2 GET https://localhost:44334/_framework/aspnetcore-browser-refresh.js - 200 13759 application/javascript; charset=utf-8 6.0421ms
2024-06-18 08:36:46.750 +03:00 [INF] Request finished HTTP/2 GET https://localhost:44334/_vs/browserLink - 200 null text/javascript; charset=UTF-8 44.158ms
2024-06-18 08:36:46.826 +03:00 [INF] Request starting HTTP/2 GET https://localhost:44334/swagger/v1/swagger.json - null null
2024-06-18 08:36:46.828 +03:00 [ERR] An unhandled exception has occurred while executing the request.
Swashbuckle.AspNetCore.SwaggerGen.SwaggerGeneratorException: Conflicting method/path combination "GET api/Entities" for actions - Minimart_Api.Controllers.EntitiesController.GetEntities (Minimart Api),Minimart_Api.Controllers.EntitiesController.GetAsyncUserName (Minimart Api). Actions require a unique method/path combination for Swagger/OpenAPI 3.0. Use ConflictingActionsResolver as a workaround
   at Swashbuckle.AspNetCore.SwaggerGen.SwaggerGenerator.GenerateOperations(IEnumerable`1 apiDescriptions, SchemaRepository schemaRepository)
   at Swashbuckle.AspNetCore.SwaggerGen.SwaggerGenerator.GeneratePaths(IEnumerable`1 apiDescriptions, SchemaRepository schemaRepository)
   at Swashbuckle.AspNetCore.SwaggerGen.SwaggerGenerator.GetSwaggerDocumentWithoutFilters(String documentName, String host, String basePath)
   at Swashbuckle.AspNetCore.SwaggerGen.SwaggerGenerator.GetSwaggerAsync(String documentName, String host, String basePath)
   at Swashbuckle.AspNetCore.Swagger.SwaggerMiddleware.Invoke(HttpContext httpContext, ISwaggerProvider swaggerProvider)
   at Microsoft.AspNetCore.Diagnostics.DeveloperExceptionPageMiddlewareImpl.Invoke(HttpContext context)
2024-06-18 08:36:46.830 +03:00 [INF] Request finished HTTP/2 GET https://localhost:44334/swagger/v1/swagger.json - 500 null text/plain; charset=utf-8 4.5335ms
2024-06-18 08:37:03.214 +03:00 [INF] Application started. Press Ctrl+C to shut down.
2024-06-18 08:37:03.239 +03:00 [INF] Request starting HTTP/2 GET https://localhost:44334/swagger/index.html - null null
2024-06-18 08:37:03.239 +03:00 [INF] Request starting HTTP/2 GET https://localhost:44334/swagger - null null
2024-06-18 08:37:03.262 +03:00 [INF] Hosting environment: Development
2024-06-18 08:37:03.262 +03:00 [INF] Content root path: C:\Users\Caleb.Muchiri\Documents\EC\Minimart Api
2024-06-18 08:37:03.391 +03:00 [INF] Request finished HTTP/2 GET https://localhost:44334/swagger - 499 null null 157.7354ms
2024-06-18 08:37:03.492 +03:00 [INF] Request finished HTTP/2 GET https://localhost:44334/swagger/index.html - 200 null text/html;charset=utf-8 255.9932ms
2024-06-18 08:37:03.526 +03:00 [INF] Request starting HTTP/2 GET https://localhost:44334/_vs/browserLink - null null
2024-06-18 08:37:03.526 +03:00 [INF] Request starting HTTP/2 GET https://localhost:44334/_framework/aspnetcore-browser-refresh.js - null null
2024-06-18 08:37:03.550 +03:00 [INF] Request finished HTTP/2 GET https://localhost:44334/_framework/aspnetcore-browser-refresh.js - 200 13759 application/javascript; charset=utf-8 7.6569ms
2024-06-18 08:37:03.599 +03:00 [INF] Request finished HTTP/2 GET https://localhost:44334/_vs/browserLink - 200 null text/javascript; charset=UTF-8 72.6079ms
2024-06-18 08:37:03.624 +03:00 [INF] Request starting HTTP/2 GET https://localhost:44334/swagger/favicon-32x32.png - null null
2024-06-18 08:37:03.635 +03:00 [INF] Sending file. Request path: '/favicon-32x32.png'. Physical path: 'N/A'
2024-06-18 08:37:03.635 +03:00 [INF] Request finished HTTP/2 GET https://localhost:44334/swagger/favicon-32x32.png - 499 628 image/png 11.0566ms
2024-06-18 08:37:03.666 +03:00 [INF] Request starting HTTP/2 GET https://localhost:44334/swagger/v1/swagger.json - null null
2024-06-18 08:37:03.829 +03:00 [INF] Request finished HTTP/2 GET https://localhost:44334/swagger/v1/swagger.json - 200 null application/json;charset=utf-8 163.0388ms
2024-06-18 08:38:24.703 +03:00 [INF] Application started. Press Ctrl+C to shut down.
2024-06-18 08:38:24.729 +03:00 [INF] Request starting HTTP/2 GET https://localhost:44334/swagger - null null
2024-06-18 08:38:24.729 +03:00 [INF] Request starting HTTP/2 GET https://localhost:44334/swagger/index.html - null null
2024-06-18 08:38:24.748 +03:00 [INF] Hosting environment: Development
2024-06-18 08:38:24.749 +03:00 [INF] Content root path: C:\Users\Caleb.Muchiri\Documents\EC\Minimart Api
2024-06-18 08:38:24.886 +03:00 [INF] Request finished HTTP/2 GET https://localhost:44334/swagger - 499 null null 165.5718ms
2024-06-18 08:38:24.974 +03:00 [INF] Request finished HTTP/2 GET https://localhost:44334/swagger/index.html - 200 null text/html;charset=utf-8 253.405ms
2024-06-18 08:38:25.006 +03:00 [INF] Request starting HTTP/2 GET https://localhost:44334/_framework/aspnetcore-browser-refresh.js - null null
2024-06-18 08:38:25.006 +03:00 [INF] Request starting HTTP/2 GET https://localhost:44334/_vs/browserLink - null null
2024-06-18 08:38:25.020 +03:00 [INF] Request finished HTTP/2 GET https://localhost:44334/_framework/aspnetcore-browser-refresh.js - 200 13759 application/javascript; charset=utf-8 13.0979ms
2024-06-18 08:38:25.079 +03:00 [INF] Request finished HTTP/2 GET https://localhost:44334/_vs/browserLink - 200 null text/javascript; charset=UTF-8 73.3097ms
2024-06-18 08:38:25.107 +03:00 [INF] Request starting HTTP/2 GET https://localhost:44334/swagger/favicon-32x32.png - null null
2024-06-18 08:38:25.130 +03:00 [INF] Sending file. Request path: '/favicon-32x32.png'. Physical path: 'N/A'
2024-06-18 08:38:25.130 +03:00 [INF] Request finished HTTP/2 GET https://localhost:44334/swagger/favicon-32x32.png - 499 628 image/png 23.5278ms
2024-06-18 08:38:25.174 +03:00 [INF] Request starting HTTP/2 GET https://localhost:44334/swagger/v1/swagger.json - null null
2024-06-18 08:38:25.299 +03:00 [INF] Request finished HTTP/2 GET https://localhost:44334/swagger/v1/swagger.json - 200 null application/json;charset=utf-8 125.5316ms
2024-06-18 08:42:31.485 +03:00 [INF] Application started. Press Ctrl+C to shut down.
2024-06-18 08:42:31.506 +03:00 [INF] Request starting HTTP/2 GET https://localhost:44334/swagger - null null
2024-06-18 08:42:31.506 +03:00 [INF] Request starting HTTP/2 GET https://localhost:44334/swagger/index.html - null null
2024-06-18 08:42:31.539 +03:00 [INF] Hosting environment: Development
2024-06-18 08:42:31.540 +03:00 [INF] Content root path: C:\Users\Caleb.Muchiri\Documents\EC\Minimart Api
2024-06-18 08:42:31.676 +03:00 [INF] Request finished HTTP/2 GET https://localhost:44334/swagger - 499 null null 175.7592ms
2024-06-18 08:42:31.765 +03:00 [INF] Request finished HTTP/2 GET https://localhost:44334/swagger/index.html - 200 null text/html;charset=utf-8 265.039ms
2024-06-18 08:42:31.804 +03:00 [INF] Request starting HTTP/2 GET https://localhost:44334/swagger/swagger-ui.css - null null
2024-06-18 08:42:31.804 +03:00 [INF] Request starting HTTP/2 GET https://localhost:44334/_framework/aspnetcore-browser-refresh.js - null null
2024-06-18 08:42:31.808 +03:00 [INF] Request starting HTTP/2 GET https://localhost:44334/_vs/browserLink - null null
2024-06-18 08:42:31.816 +03:00 [INF] Request finished HTTP/2 GET https://localhost:44334/_framework/aspnetcore-browser-refresh.js - 200 13759 application/javascript; charset=utf-8 11.5766ms
2024-06-18 08:42:31.833 +03:00 [INF] Sending file. Request path: '/swagger-ui.css'. Physical path: 'N/A'
2024-06-18 08:42:31.833 +03:00 [INF] Request finished HTTP/2 GET https://localhost:44334/swagger/swagger-ui.css - 499 143943 text/css 33.2648ms
2024-06-18 08:42:31.861 +03:00 [INF] Request finished HTTP/2 GET https://localhost:44334/_vs/browserLink - 200 null text/javascript; charset=UTF-8 52.6757ms
2024-06-18 08:42:31.936 +03:00 [INF] Request starting HTTP/2 GET https://localhost:44334/swagger/v1/swagger.json - null null
2024-06-18 08:42:32.073 +03:00 [INF] Request finished HTTP/2 GET https://localhost:44334/swagger/v1/swagger.json - 200 null application/json;charset=utf-8 136.6664ms
2024-06-18 08:42:50.446 +03:00 [INF] Request starting HTTP/2 GET https://localhost:44334/api/Entities/UserName?UserName=Caleb - null null
2024-06-18 08:42:50.461 +03:00 [INF] Executing endpoint 'Minimart_Api.Controllers.EntitiesController.GetAsyncUserName (Minimart Api)'
2024-06-18 08:42:50.481 +03:00 [INF] Route matched with {action = "GetAsyncUserName", controller = "Entities"}. Executing controller action with signature System.Threading.Tasks.Task`1[Microsoft.AspNetCore.Mvc.IActionResult] GetAsyncUserName(System.String) on controller Minimart_Api.Controllers.EntitiesController (Minimart Api).
2024-06-18 08:43:30.207 +03:00 [WRN] Sensitive data logging is enabled. Log entries and exception messages may include sensitive application data; this mode should only be enabled during development.
2024-06-18 08:43:30.216 +03:00 [INF] warn: 18/06/2024 08:43:30.215 CoreEventId.SensitiveDataLoggingEnabledWarning[10400] (Microsoft.EntityFrameworkCore.Infrastructure) 
      Sensitive data logging is enabled. Log entries and exception messages may include sensitive application data; this mode should only be enabled during development.
2024-06-18 08:43:30.334 +03:00 [INF] Entity Framework Core 6.0.0 initialized 'muchiriDBContext' using provider 'Microsoft.EntityFrameworkCore.SqlServer:6.0.0' with options: SensitiveDataLoggingEnabled 
2024-06-18 08:43:30.335 +03:00 [INF] info: 18/06/2024 08:43:30.335 CoreEventId.ContextInitialized[10403] (Microsoft.EntityFrameworkCore.Infrastructure) 
      Entity Framework Core 6.0.0 initialized 'muchiriDBContext' using provider 'Microsoft.EntityFrameworkCore.SqlServer:6.0.0' with options: SensitiveDataLoggingEnabled 
2024-06-18 08:43:30.737 +03:00 [INF] Executed DbCommand (23ms) [Parameters=[], CommandType='"Text"', CommandTimeout='30']
SELECT [t].[EmailAddress], [t].[IsloggedIn], [t].[Name], [t].[Password], [t].[Role]
FROM [t_user] AS [t]
2024-06-18 08:43:30.739 +03:00 [INF] info: 18/06/2024 08:43:30.739 RelationalEventId.CommandExecuted[20101] (Microsoft.EntityFrameworkCore.Database.Command) 
      Executed DbCommand (23ms) [Parameters=[], CommandType='Text', CommandTimeout='30']
      SELECT [t].[EmailAddress], [t].[IsloggedIn], [t].[Name], [t].[Password], [t].[Role]
      FROM [t_user] AS [t]
2024-06-18 08:43:44.873 +03:00 [INF] Executing OkObjectResult, writing value of type 'System.Collections.Generic.List`1[[Minimart_Api.Models.TUser, Minimart Api, Version=1.0.0.0, Culture=neutral, PublicKeyToken=null]]'.
2024-06-18 08:43:44.884 +03:00 [INF] Executed action Minimart_Api.Controllers.EntitiesController.GetAsyncUserName (Minimart Api) in 54400.1141ms
2024-06-18 08:43:44.885 +03:00 [INF] Executed endpoint 'Minimart_Api.Controllers.EntitiesController.GetAsyncUserName (Minimart Api)'
2024-06-18 08:43:44.890 +03:00 [INF] Request finished HTTP/2 GET https://localhost:44334/api/Entities/UserName?UserName=Caleb - 200 null application/json; charset=utf-8 54443.5405ms
2024-06-18 08:46:42.940 +03:00 [INF] Application started. Press Ctrl+C to shut down.
2024-06-18 08:46:42.962 +03:00 [INF] Request starting HTTP/2 GET https://localhost:44334/swagger - null null
2024-06-18 08:46:42.962 +03:00 [INF] Request starting HTTP/2 GET https://localhost:44334/swagger/index.html - null null
2024-06-18 08:46:42.988 +03:00 [INF] Hosting environment: Development
2024-06-18 08:46:42.988 +03:00 [INF] Content root path: C:\Users\Caleb.Muchiri\Documents\EC\Minimart Api
2024-06-18 08:46:43.122 +03:00 [INF] Request finished HTTP/2 GET https://localhost:44334/swagger - 499 null null 165.2629ms
2024-06-18 08:46:43.225 +03:00 [INF] Request finished HTTP/2 GET https://localhost:44334/swagger/index.html - 200 null text/html;charset=utf-8 266.1664ms
2024-06-18 08:46:43.273 +03:00 [INF] Request starting HTTP/2 GET https://localhost:44334/_framework/aspnetcore-browser-refresh.js - null null
2024-06-18 08:46:43.273 +03:00 [INF] Request starting HTTP/2 GET https://localhost:44334/_vs/browserLink - null null
2024-06-18 08:46:43.287 +03:00 [INF] Request finished HTTP/2 GET https://localhost:44334/_framework/aspnetcore-browser-refresh.js - 200 13759 application/javascript; charset=utf-8 7.3209ms
2024-06-18 08:46:43.318 +03:00 [INF] Request finished HTTP/2 GET https://localhost:44334/_vs/browserLink - 200 null text/javascript; charset=UTF-8 45.8545ms
2024-06-18 08:46:43.389 +03:00 [INF] Request starting HTTP/2 GET https://localhost:44334/swagger/v1/swagger.json - null null
2024-06-18 08:46:43.519 +03:00 [INF] Request finished HTTP/2 GET https://localhost:44334/swagger/v1/swagger.json - 200 null application/json;charset=utf-8 130.7814ms
2024-06-18 08:46:54.707 +03:00 [INF] Request starting HTTP/2 GET https://localhost:44334/api/Entities/UserName?UserName=caleb - null null
2024-06-18 08:46:54.724 +03:00 [INF] Executing endpoint 'Minimart_Api.Controllers.EntitiesController.GetAsyncUserName (Minimart Api)'
2024-06-18 08:46:54.748 +03:00 [INF] Route matched with {action = "GetAsyncUserName", controller = "Entities"}. Executing controller action with signature System.Threading.Tasks.Task`1[Microsoft.AspNetCore.Mvc.IActionResult] GetAsyncUserName(System.String) on controller Minimart_Api.Controllers.EntitiesController (Minimart Api).
2024-06-18 08:47:08.634 +03:00 [WRN] Sensitive data logging is enabled. Log entries and exception messages may include sensitive application data; this mode should only be enabled during development.
2024-06-18 08:47:08.642 +03:00 [INF] warn: 18/06/2024 08:47:08.642 CoreEventId.SensitiveDataLoggingEnabledWarning[10400] (Microsoft.EntityFrameworkCore.Infrastructure) 
      Sensitive data logging is enabled. Log entries and exception messages may include sensitive application data; this mode should only be enabled during development.
2024-06-18 08:47:08.739 +03:00 [INF] Entity Framework Core 6.0.0 initialized 'muchiriDBContext' using provider 'Microsoft.EntityFrameworkCore.SqlServer:6.0.0' with options: SensitiveDataLoggingEnabled 
2024-06-18 08:47:08.740 +03:00 [INF] info: 18/06/2024 08:47:08.740 CoreEventId.ContextInitialized[10403] (Microsoft.EntityFrameworkCore.Infrastructure) 
      Entity Framework Core 6.0.0 initialized 'muchiriDBContext' using provider 'Microsoft.EntityFrameworkCore.SqlServer:6.0.0' with options: SensitiveDataLoggingEnabled 
2024-06-18 08:47:09.244 +03:00 [INF] Executed DbCommand (74ms) [Parameters=[@__UserName_0='caleb' (Size = 50) (DbType = AnsiString)], CommandType='"Text"', CommandTimeout='30']
SELECT [t].[EmailAddress], [t].[IsloggedIn], [t].[Name], [t].[Password], [t].[Role]
FROM [t_user] AS [t]
WHERE [t].[Name] = @__UserName_0
2024-06-18 08:47:09.248 +03:00 [INF] info: 18/06/2024 08:47:09.248 RelationalEventId.CommandExecuted[20101] (Microsoft.EntityFrameworkCore.Database.Command) 
      Executed DbCommand (74ms) [Parameters=[@__UserName_0='caleb' (Size = 50) (DbType = AnsiString)], CommandType='Text', CommandTimeout='30']
      SELECT [t].[EmailAddress], [t].[IsloggedIn], [t].[Name], [t].[Password], [t].[Role]
      FROM [t_user] AS [t]
      WHERE [t].[Name] = @__UserName_0
2024-06-18 08:47:20.475 +03:00 [INF] Executing OkObjectResult, writing value of type 'System.Collections.Generic.List`1[[Minimart_Api.Models.TUser, Minimart Api, Version=1.0.0.0, Culture=neutral, PublicKeyToken=null]]'.
2024-06-18 08:47:20.486 +03:00 [INF] Executed action Minimart_Api.Controllers.EntitiesController.GetAsyncUserName (Minimart Api) in 25734.5773ms
2024-06-18 08:47:20.486 +03:00 [INF] Executed endpoint 'Minimart_Api.Controllers.EntitiesController.GetAsyncUserName (Minimart Api)'
2024-06-18 08:47:20.491 +03:00 [INF] Request finished HTTP/2 GET https://localhost:44334/api/Entities/UserName?UserName=caleb - 200 null application/json; charset=utf-8 25784.3147ms
