2024-06-15 11:47:19.665 +03:00 [INF] Application started. Press Ctrl+C to shut down.
2024-06-15 11:47:19.687 +03:00 [INF] Request starting HTTP/2 GET https://localhost:44334/swagger/index.html - null null
2024-06-15 11:47:19.687 +03:00 [INF] Request starting HTTP/2 GET https://localhost:44334/swagger - null null
2024-06-15 11:47:19.713 +03:00 [INF] Hosting environment: Development
2024-06-15 11:47:19.714 +03:00 [INF] Content root path: C:\Users\Caleb.Muchiri\Documents\EC\Minimart Api
2024-06-15 11:47:19.845 +03:00 [INF] Request finished HTTP/2 GET https://localhost:44334/swagger - 499 null null 165.1684ms
2024-06-15 11:47:19.926 +03:00 [INF] Request finished HTTP/2 GET https://localhost:44334/swagger/index.html - 200 null text/html;charset=utf-8 246.3724ms
2024-06-15 11:47:19.975 +03:00 [INF] Request starting HTTP/2 GET https://localhost:44334/_vs/browserLink - null null
2024-06-15 11:47:19.975 +03:00 [INF] Request starting HTTP/2 GET https://localhost:44334/_framework/aspnetcore-browser-refresh.js - null null
2024-06-15 11:47:19.994 +03:00 [INF] Request finished HTTP/2 GET https://localhost:44334/_framework/aspnetcore-browser-refresh.js - 200 13760 application/javascript; charset=utf-8 4.8773ms
2024-06-15 11:47:20.040 +03:00 [INF] Request finished HTTP/2 GET https://localhost:44334/_vs/browserLink - 200 null text/javascript; charset=UTF-8 65.479ms
2024-06-15 11:47:20.073 +03:00 [INF] Request starting HTTP/2 GET https://localhost:44334/swagger/favicon-32x32.png - null null
2024-06-15 11:47:20.113 +03:00 [INF] Sending file. Request path: '/favicon-32x32.png'. Physical path: 'N/A'
2024-06-15 11:47:20.114 +03:00 [INF] Request finished HTTP/2 GET https://localhost:44334/swagger/favicon-32x32.png - 499 628 image/png 40.3953ms
2024-06-15 11:47:20.145 +03:00 [INF] Request starting HTTP/2 GET https://localhost:44334/swagger/v1/swagger.json - null null
2024-06-15 11:47:20.329 +03:00 [INF] Request finished HTTP/2 GET https://localhost:44334/swagger/v1/swagger.json - 200 null application/json;charset=utf-8 183.0716ms
2024-06-15 11:48:46.085 +03:00 [INF] Request starting HTTP/2 GET https://localhost:44334/api/Entities - null null
2024-06-15 11:48:46.107 +03:00 [INF] Executing endpoint 'Minimart_Api.Controllers.EntitiesController.GetEntities (Minimart Api)'
2024-06-15 11:48:46.125 +03:00 [INF] Route matched with {action = "GetEntities", controller = "Entities"}. Executing controller action with signature System.Threading.Tasks.Task`1[Microsoft.AspNetCore.Mvc.IActionResult] GetEntities() on controller Minimart_Api.Controllers.EntitiesController (Minimart Api).
2024-06-15 11:49:24.248 +03:00 [WRN] Sensitive data logging is enabled. Log entries and exception messages may include sensitive application data; this mode should only be enabled during development.
2024-06-15 11:49:44.945 +03:00 [INF] warn: 15/06/2024 11:49:24.254 CoreEventId.SensitiveDataLoggingEnabledWarning[10400] (Microsoft.EntityFrameworkCore.Infrastructure) 
      Sensitive data logging is enabled. Log entries and exception messages may include sensitive application data; this mode should only be enabled during development.
2024-06-15 11:49:45.053 +03:00 [INF] Entity Framework Core 6.0.0 initialized 'MyDBContext' using provider 'Microsoft.EntityFrameworkCore.SqlServer:6.0.0' with options: SensitiveDataLoggingEnabled 
2024-06-15 11:49:47.070 +03:00 [INF] info: 15/06/2024 11:49:45.054 CoreEventId.ContextInitialized[10403] (Microsoft.EntityFrameworkCore.Infrastructure) 
      Entity Framework Core 6.0.0 initialized 'MyDBContext' using provider 'Microsoft.EntityFrameworkCore.SqlServer:6.0.0' with options: SensitiveDataLoggingEnabled 
2024-06-15 11:49:56.512 +03:00 [ERR] An exception occurred while iterating over the results of a query for context type 'Minimart_Api.Data.MyDBContext'.
System.InvalidOperationException: A second operation was started on this context instance before a previous operation completed. This is usually caused by different threads concurrently using the same instance of DbContext. For more information on how to avoid threading issues with DbContext, see https://go.microsoft.com/fwlink/?linkid=2097913.
   at Microsoft.EntityFrameworkCore.Infrastructure.Internal.ConcurrencyDetector.EnterCriticalSection()
   at Microsoft.EntityFrameworkCore.Query.Internal.SingleQueryingEnumerable`1.Enumerator.MoveNext()
System.InvalidOperationException: A second operation was started on this context instance before a previous operation completed. This is usually caused by different threads concurrently using the same instance of DbContext. For more information on how to avoid threading issues with DbContext, see https://go.microsoft.com/fwlink/?linkid=2097913.
   at Microsoft.EntityFrameworkCore.Infrastructure.Internal.ConcurrencyDetector.EnterCriticalSection()
   at Microsoft.EntityFrameworkCore.Query.Internal.SingleQueryingEnumerable`1.Enumerator.MoveNext()
2024-06-15 11:49:56.513 +03:00 [INF] fail: 15/06/2024 11:49:56.513 CoreEventId.QueryIterationFailed[10100] (Microsoft.EntityFrameworkCore.Query) 
      An exception occurred while iterating over the results of a query for context type 'Minimart_Api.Data.MyDBContext'.
      System.InvalidOperationException: A second operation was started on this context instance before a previous operation completed. This is usually caused by different threads concurrently using the same instance of DbContext. For more information on how to avoid threading issues with DbContext, see https://go.microsoft.com/fwlink/?linkid=2097913.
         at Microsoft.EntityFrameworkCore.Infrastructure.Internal.ConcurrencyDetector.EnterCriticalSection()
         at Microsoft.EntityFrameworkCore.Query.Internal.SingleQueryingEnumerable`1.Enumerator.MoveNext()
2024-06-15 11:50:12.103 +03:00 [ERR] Failed executing DbCommand (24,879ms) [Parameters=[], CommandType='"Text"', CommandTimeout='30']
SELECT [m].[Id], [m].[Name]
FROM [myEntities] AS [m]
2024-06-15 11:50:12.105 +03:00 [INF] fail: 15/06/2024 11:50:12.105 RelationalEventId.CommandError[20102] (Microsoft.EntityFrameworkCore.Database.Command) 
      Failed executing DbCommand (24,879ms) [Parameters=[], CommandType='Text', CommandTimeout='30']
      SELECT [m].[Id], [m].[Name]
      FROM [myEntities] AS [m]
2024-06-15 11:50:12.116 +03:00 [ERR] An exception occurred while iterating over the results of a query for context type 'Minimart_Api.Data.MyDBContext'.
Microsoft.Data.SqlClient.SqlException (0x80131904): Invalid object name 'myEntities'.
   at Microsoft.Data.SqlClient.SqlCommand.<>c.<ExecuteDbDataReaderAsync>b__188_0(Task`1 result)
   at System.Threading.Tasks.ContinuationResultTaskFromResultTask`2.InnerInvoke()
   at System.Threading.ExecutionContext.RunInternal(ExecutionContext executionContext, ContextCallback callback, Object state)
--- End of stack trace from previous location ---
   at System.Threading.ExecutionContext.RunInternal(ExecutionContext executionContext, ContextCallback callback, Object state)
   at System.Threading.Tasks.Task.ExecuteWithThreadLocal(Task& currentTaskSlot, Thread threadPoolThread)
--- End of stack trace from previous location ---
   at Microsoft.EntityFrameworkCore.Storage.RelationalCommand.ExecuteReaderAsync(RelationalCommandParameterObject parameterObject, CancellationToken cancellationToken)
   at Microsoft.EntityFrameworkCore.Storage.RelationalCommand.ExecuteReaderAsync(RelationalCommandParameterObject parameterObject, CancellationToken cancellationToken)
   at Microsoft.EntityFrameworkCore.Query.Internal.SingleQueryingEnumerable`1.AsyncEnumerator.InitializeReaderAsync(AsyncEnumerator enumerator, CancellationToken cancellationToken)
   at Microsoft.EntityFrameworkCore.SqlServer.Storage.Internal.SqlServerExecutionStrategy.ExecuteAsync[TState,TResult](TState state, Func`4 operation, Func`4 verifySucceeded, CancellationToken cancellationToken)
   at Microsoft.EntityFrameworkCore.Query.Internal.SingleQueryingEnumerable`1.AsyncEnumerator.MoveNextAsync()
ClientConnectionId:8e9fdd00-3aee-4a00-b6e7-3f6ace4582f1
Error Number:208,State:1,Class:16
Microsoft.Data.SqlClient.SqlException (0x80131904): Invalid object name 'myEntities'.
   at Microsoft.Data.SqlClient.SqlCommand.<>c.<ExecuteDbDataReaderAsync>b__188_0(Task`1 result)
   at System.Threading.Tasks.ContinuationResultTaskFromResultTask`2.InnerInvoke()
   at System.Threading.ExecutionContext.RunInternal(ExecutionContext executionContext, ContextCallback callback, Object state)
--- End of stack trace from previous location ---
   at System.Threading.ExecutionContext.RunInternal(ExecutionContext executionContext, ContextCallback callback, Object state)
   at System.Threading.Tasks.Task.ExecuteWithThreadLocal(Task& currentTaskSlot, Thread threadPoolThread)
--- End of stack trace from previous location ---
   at Microsoft.EntityFrameworkCore.Storage.RelationalCommand.ExecuteReaderAsync(RelationalCommandParameterObject parameterObject, CancellationToken cancellationToken)
   at Microsoft.EntityFrameworkCore.Storage.RelationalCommand.ExecuteReaderAsync(RelationalCommandParameterObject parameterObject, CancellationToken cancellationToken)
   at Microsoft.EntityFrameworkCore.Query.Internal.SingleQueryingEnumerable`1.AsyncEnumerator.InitializeReaderAsync(AsyncEnumerator enumerator, CancellationToken cancellationToken)
   at Microsoft.EntityFrameworkCore.SqlServer.Storage.Internal.SqlServerExecutionStrategy.ExecuteAsync[TState,TResult](TState state, Func`4 operation, Func`4 verifySucceeded, CancellationToken cancellationToken)
   at Microsoft.EntityFrameworkCore.Query.Internal.SingleQueryingEnumerable`1.AsyncEnumerator.MoveNextAsync()
ClientConnectionId:8e9fdd00-3aee-4a00-b6e7-3f6ace4582f1
Error Number:208,State:1,Class:16
2024-06-15 11:50:12.118 +03:00 [INF] fail: 15/06/2024 11:50:12.118 CoreEventId.QueryIterationFailed[10100] (Microsoft.EntityFrameworkCore.Query) 
      An exception occurred while iterating over the results of a query for context type 'Minimart_Api.Data.MyDBContext'.
      Microsoft.Data.SqlClient.SqlException (0x80131904): Invalid object name 'myEntities'.
         at Microsoft.Data.SqlClient.SqlCommand.<>c.<ExecuteDbDataReaderAsync>b__188_0(Task`1 result)
         at System.Threading.Tasks.ContinuationResultTaskFromResultTask`2.InnerInvoke()
         at System.Threading.ExecutionContext.RunInternal(ExecutionContext executionContext, ContextCallback callback, Object state)
      --- End of stack trace from previous location ---
         at System.Threading.ExecutionContext.RunInternal(ExecutionContext executionContext, ContextCallback callback, Object state)
         at System.Threading.Tasks.Task.ExecuteWithThreadLocal(Task& currentTaskSlot, Thread threadPoolThread)
      --- End of stack trace from previous location ---
         at Microsoft.EntityFrameworkCore.Storage.RelationalCommand.ExecuteReaderAsync(RelationalCommandParameterObject parameterObject, CancellationToken cancellationToken)
         at Microsoft.EntityFrameworkCore.Storage.RelationalCommand.ExecuteReaderAsync(RelationalCommandParameterObject parameterObject, CancellationToken cancellationToken)
         at Microsoft.EntityFrameworkCore.Query.Internal.SingleQueryingEnumerable`1.AsyncEnumerator.InitializeReaderAsync(AsyncEnumerator enumerator, CancellationToken cancellationToken)
         at Microsoft.EntityFrameworkCore.SqlServer.Storage.Internal.SqlServerExecutionStrategy.ExecuteAsync[TState,TResult](TState state, Func`4 operation, Func`4 verifySucceeded, CancellationToken cancellationToken)
         at Microsoft.EntityFrameworkCore.Query.Internal.SingleQueryingEnumerable`1.AsyncEnumerator.MoveNextAsync()
      ClientConnectionId:8e9fdd00-3aee-4a00-b6e7-3f6ace4582f1
      Error Number:208,State:1,Class:16
2024-06-15 11:50:12.239 +03:00 [INF] Executed action Minimart_Api.Controllers.EntitiesController.GetEntities (Minimart Api) in 86111.0611ms
2024-06-15 11:50:12.244 +03:00 [INF] Executed endpoint 'Minimart_Api.Controllers.EntitiesController.GetEntities (Minimart Api)'
2024-06-15 11:50:12.246 +03:00 [ERR] An unhandled exception has occurred while executing the request.
Microsoft.Data.SqlClient.SqlException (0x80131904): Invalid object name 'myEntities'.
   at Microsoft.Data.SqlClient.SqlCommand.<>c.<ExecuteDbDataReaderAsync>b__188_0(Task`1 result)
   at System.Threading.Tasks.ContinuationResultTaskFromResultTask`2.InnerInvoke()
   at System.Threading.ExecutionContext.RunInternal(ExecutionContext executionContext, ContextCallback callback, Object state)
--- End of stack trace from previous location ---
   at System.Threading.ExecutionContext.RunInternal(ExecutionContext executionContext, ContextCallback callback, Object state)
   at System.Threading.Tasks.Task.ExecuteWithThreadLocal(Task& currentTaskSlot, Thread threadPoolThread)
--- End of stack trace from previous location ---
   at Microsoft.EntityFrameworkCore.Storage.RelationalCommand.ExecuteReaderAsync(RelationalCommandParameterObject parameterObject, CancellationToken cancellationToken)
   at Microsoft.EntityFrameworkCore.Storage.RelationalCommand.ExecuteReaderAsync(RelationalCommandParameterObject parameterObject, CancellationToken cancellationToken)
   at Microsoft.EntityFrameworkCore.Query.Internal.SingleQueryingEnumerable`1.AsyncEnumerator.InitializeReaderAsync(AsyncEnumerator enumerator, CancellationToken cancellationToken)
   at Microsoft.EntityFrameworkCore.SqlServer.Storage.Internal.SqlServerExecutionStrategy.ExecuteAsync[TState,TResult](TState state, Func`4 operation, Func`4 verifySucceeded, CancellationToken cancellationToken)
   at Microsoft.EntityFrameworkCore.Query.Internal.SingleQueryingEnumerable`1.AsyncEnumerator.MoveNextAsync()
   at Microsoft.EntityFrameworkCore.EntityFrameworkQueryableExtensions.ToListAsync[TSource](IQueryable`1 source, CancellationToken cancellationToken)
   at Microsoft.EntityFrameworkCore.EntityFrameworkQueryableExtensions.ToListAsync[TSource](IQueryable`1 source, CancellationToken cancellationToken)
   at Minimart_Api.Repositories.MyRepository.GetAllAsync() in C:\Users\Caleb.Muchiri\Documents\EC\Minimart Api\Repositories\MyRepository.cs:line 18
   at Minimart_Api.Services.MyService.GetEntitiesAsync() in C:\Users\Caleb.Muchiri\Documents\EC\Minimart Api\Services\MyService.cs:line 15
   at Minimart_Api.Controllers.EntitiesController.GetEntities() in C:\Users\Caleb.Muchiri\Documents\EC\Minimart Api\Controllers\EntitiesController.cs:line 20
   at Microsoft.AspNetCore.Mvc.Infrastructure.ActionMethodExecutor.TaskOfIActionResultExecutor.Execute(ActionContext actionContext, IActionResultTypeMapper mapper, ObjectMethodExecutor executor, Object controller, Object[] arguments)
   at Microsoft.AspNetCore.Mvc.Infrastructure.ControllerActionInvoker.<InvokeActionMethodAsync>g__Awaited|12_0(ControllerActionInvoker invoker, ValueTask`1 actionResultValueTask)
   at Microsoft.AspNetCore.Mvc.Infrastructure.ControllerActionInvoker.<InvokeNextActionFilterAsync>g__Awaited|10_0(ControllerActionInvoker invoker, Task lastTask, State next, Scope scope, Object state, Boolean isCompleted)
   at Microsoft.AspNetCore.Mvc.Infrastructure.ControllerActionInvoker.Rethrow(ActionExecutedContextSealed context)
   at Microsoft.AspNetCore.Mvc.Infrastructure.ControllerActionInvoker.Next(State& next, Scope& scope, Object& state, Boolean& isCompleted)
   at Microsoft.AspNetCore.Mvc.Infrastructure.ControllerActionInvoker.<InvokeInnerFilterAsync>g__Awaited|13_0(ControllerActionInvoker invoker, Task lastTask, State next, Scope scope, Object state, Boolean isCompleted)
   at Microsoft.AspNetCore.Mvc.Infrastructure.ResourceInvoker.<InvokeFilterPipelineAsync>g__Awaited|20_0(ResourceInvoker invoker, Task lastTask, State next, Scope scope, Object state, Boolean isCompleted)
   at Microsoft.AspNetCore.Mvc.Infrastructure.ResourceInvoker.<InvokeAsync>g__Logged|17_1(ResourceInvoker invoker)
   at Microsoft.AspNetCore.Mvc.Infrastructure.ResourceInvoker.<InvokeAsync>g__Logged|17_1(ResourceInvoker invoker)
   at Microsoft.AspNetCore.Routing.EndpointMiddleware.<Invoke>g__AwaitRequestTask|7_0(Endpoint endpoint, Task requestTask, ILogger logger)
   at Microsoft.AspNetCore.Diagnostics.ExceptionHandlerMiddlewareImpl.<Invoke>g__Awaited|10_0(ExceptionHandlerMiddlewareImpl middleware, HttpContext context, Task task)
ClientConnectionId:8e9fdd00-3aee-4a00-b6e7-3f6ace4582f1
Error Number:208,State:1,Class:16
2024-06-15 11:50:12.261 +03:00 [INF] Executing endpoint 'Minimart_Api.Controllers.ErrorController.HandleError (Minimart Api)'
2024-06-15 11:50:12.262 +03:00 [INF] Route matched with {action = "HandleError", controller = "Error"}. Executing controller action with signature Microsoft.AspNetCore.Mvc.IActionResult HandleError() on controller Minimart_Api.Controllers.ErrorController (Minimart Api).
2024-06-15 11:50:12.266 +03:00 [INF] Executing ObjectResult, writing value of type 'Microsoft.AspNetCore.Mvc.ProblemDetails'.
2024-06-15 11:50:12.283 +03:00 [INF] Executed action Minimart_Api.Controllers.ErrorController.HandleError (Minimart Api) in 20.4813ms
2024-06-15 11:50:12.283 +03:00 [INF] Executed endpoint 'Minimart_Api.Controllers.ErrorController.HandleError (Minimart Api)'
2024-06-15 11:50:12.288 +03:00 [INF] Request finished HTTP/2 GET https://localhost:44334/api/Entities - 500 null application/problem+json; charset=utf-8 86204.1614ms
2024-06-15 12:06:16.336 +03:00 [INF] Application started. Press Ctrl+C to shut down.
2024-06-15 12:06:16.360 +03:00 [INF] Request starting HTTP/2 GET https://localhost:44334/swagger - null null
2024-06-15 12:06:16.360 +03:00 [INF] Request starting HTTP/2 GET https://localhost:44334/swagger/index.html - null null
2024-06-15 12:06:16.380 +03:00 [INF] Hosting environment: Development
2024-06-15 12:06:16.381 +03:00 [INF] Content root path: C:\Users\Caleb.Muchiri\Documents\EC\Minimart Api
2024-06-15 12:06:16.510 +03:00 [INF] Request finished HTTP/2 GET https://localhost:44334/swagger - 499 null null 156.3971ms
2024-06-15 12:06:16.594 +03:00 [INF] Request finished HTTP/2 GET https://localhost:44334/swagger/index.html - 200 null text/html;charset=utf-8 241.2638ms
2024-06-15 12:06:16.643 +03:00 [INF] Request starting HTTP/2 GET https://localhost:44334/_vs/browserLink - null null
2024-06-15 12:06:16.643 +03:00 [INF] Request starting HTTP/2 GET https://localhost:44334/_framework/aspnetcore-browser-refresh.js - null null
2024-06-15 12:06:16.643 +03:00 [INF] Request starting HTTP/2 GET https://localhost:44334/swagger/swagger-ui.css - null null
2024-06-15 12:06:16.657 +03:00 [INF] Request finished HTTP/2 GET https://localhost:44334/_framework/aspnetcore-browser-refresh.js - 200 13760 application/javascript; charset=utf-8 19.0212ms
2024-06-15 12:06:16.688 +03:00 [INF] Sending file. Request path: '/swagger-ui.css'. Physical path: 'N/A'
2024-06-15 12:06:16.688 +03:00 [INF] Request finished HTTP/2 GET https://localhost:44334/swagger/swagger-ui.css - 499 143943 text/css 45.1982ms
2024-06-15 12:06:16.739 +03:00 [INF] Request finished HTTP/2 GET https://localhost:44334/_vs/browserLink - 200 null text/javascript; charset=UTF-8 95.7791ms
2024-06-15 12:06:16.759 +03:00 [INF] Request starting HTTP/2 GET https://localhost:44334/swagger/favicon-32x32.png - null null
2024-06-15 12:06:16.760 +03:00 [INF] Sending file. Request path: '/favicon-32x32.png'. Physical path: 'N/A'
2024-06-15 12:06:16.761 +03:00 [INF] Request finished HTTP/2 GET https://localhost:44334/swagger/favicon-32x32.png - 499 628 image/png 1.9801ms
2024-06-15 12:06:16.799 +03:00 [INF] Request starting HTTP/2 GET https://localhost:44334/swagger/v1/swagger.json - null null
2024-06-15 12:06:16.929 +03:00 [INF] Request finished HTTP/2 GET https://localhost:44334/swagger/v1/swagger.json - 200 null application/json;charset=utf-8 129.9552ms
2024-06-15 12:06:27.159 +03:00 [INF] Request starting HTTP/2 GET https://localhost:44334/api/Entities - null null
2024-06-15 12:06:27.170 +03:00 [INF] Executing endpoint 'Minimart_Api.Controllers.EntitiesController.GetEntities (Minimart Api)'
2024-06-15 12:06:27.194 +03:00 [INF] Route matched with {action = "GetEntities", controller = "Entities"}. Executing controller action with signature System.Threading.Tasks.Task`1[Microsoft.AspNetCore.Mvc.IActionResult] GetEntities() on controller Minimart_Api.Controllers.EntitiesController (Minimart Api).
2024-06-15 12:06:44.332 +03:00 [WRN] Sensitive data logging is enabled. Log entries and exception messages may include sensitive application data; this mode should only be enabled during development.
2024-06-15 12:06:45.295 +03:00 [INF] warn: 15/06/2024 12:06:44.339 CoreEventId.SensitiveDataLoggingEnabledWarning[10400] (Microsoft.EntityFrameworkCore.Infrastructure) 
      Sensitive data logging is enabled. Log entries and exception messages may include sensitive application data; this mode should only be enabled during development.
2024-06-15 12:06:45.423 +03:00 [INF] Entity Framework Core 6.0.0 initialized 'MyDBContext' using provider 'Microsoft.EntityFrameworkCore.SqlServer:6.0.0' with options: SensitiveDataLoggingEnabled 
2024-06-15 12:06:46.009 +03:00 [INF] info: 15/06/2024 12:06:45.424 CoreEventId.ContextInitialized[10403] (Microsoft.EntityFrameworkCore.Infrastructure) 
      Entity Framework Core 6.0.0 initialized 'MyDBContext' using provider 'Microsoft.EntityFrameworkCore.SqlServer:6.0.0' with options: SensitiveDataLoggingEnabled 
2024-06-15 12:06:50.552 +03:00 [ERR] Failed executing DbCommand (4,389ms) [Parameters=[], CommandType='"Text"', CommandTimeout='30']
SELECT [m].[Id], [m].[Name]
FROM [myEntities] AS [m]
2024-06-15 12:06:50.555 +03:00 [INF] fail: 15/06/2024 12:06:50.555 RelationalEventId.CommandError[20102] (Microsoft.EntityFrameworkCore.Database.Command) 
      Failed executing DbCommand (4,389ms) [Parameters=[], CommandType='Text', CommandTimeout='30']
      SELECT [m].[Id], [m].[Name]
      FROM [myEntities] AS [m]
2024-06-15 12:06:50.586 +03:00 [ERR] An exception occurred while iterating over the results of a query for context type 'Minimart_Api.Data.MyDBContext'.
Microsoft.Data.SqlClient.SqlException (0x80131904): Invalid object name 'myEntities'.
   at Microsoft.Data.SqlClient.SqlCommand.<>c.<ExecuteDbDataReaderAsync>b__188_0(Task`1 result)
   at System.Threading.Tasks.ContinuationResultTaskFromResultTask`2.InnerInvoke()
   at System.Threading.ExecutionContext.RunInternal(ExecutionContext executionContext, ContextCallback callback, Object state)
--- End of stack trace from previous location ---
   at System.Threading.ExecutionContext.RunInternal(ExecutionContext executionContext, ContextCallback callback, Object state)
   at System.Threading.Tasks.Task.ExecuteWithThreadLocal(Task& currentTaskSlot, Thread threadPoolThread)
--- End of stack trace from previous location ---
   at Microsoft.EntityFrameworkCore.Storage.RelationalCommand.ExecuteReaderAsync(RelationalCommandParameterObject parameterObject, CancellationToken cancellationToken)
   at Microsoft.EntityFrameworkCore.Storage.RelationalCommand.ExecuteReaderAsync(RelationalCommandParameterObject parameterObject, CancellationToken cancellationToken)
   at Microsoft.EntityFrameworkCore.Query.Internal.SingleQueryingEnumerable`1.AsyncEnumerator.InitializeReaderAsync(AsyncEnumerator enumerator, CancellationToken cancellationToken)
   at Microsoft.EntityFrameworkCore.SqlServer.Storage.Internal.SqlServerExecutionStrategy.ExecuteAsync[TState,TResult](TState state, Func`4 operation, Func`4 verifySucceeded, CancellationToken cancellationToken)
   at Microsoft.EntityFrameworkCore.Query.Internal.SingleQueryingEnumerable`1.AsyncEnumerator.MoveNextAsync()
ClientConnectionId:53c5c222-849b-42d1-8697-aa398d1f0e7f
Error Number:208,State:1,Class:16
Microsoft.Data.SqlClient.SqlException (0x80131904): Invalid object name 'myEntities'.
   at Microsoft.Data.SqlClient.SqlCommand.<>c.<ExecuteDbDataReaderAsync>b__188_0(Task`1 result)
   at System.Threading.Tasks.ContinuationResultTaskFromResultTask`2.InnerInvoke()
   at System.Threading.ExecutionContext.RunInternal(ExecutionContext executionContext, ContextCallback callback, Object state)
--- End of stack trace from previous location ---
   at System.Threading.ExecutionContext.RunInternal(ExecutionContext executionContext, ContextCallback callback, Object state)
   at System.Threading.Tasks.Task.ExecuteWithThreadLocal(Task& currentTaskSlot, Thread threadPoolThread)
--- End of stack trace from previous location ---
   at Microsoft.EntityFrameworkCore.Storage.RelationalCommand.ExecuteReaderAsync(RelationalCommandParameterObject parameterObject, CancellationToken cancellationToken)
   at Microsoft.EntityFrameworkCore.Storage.RelationalCommand.ExecuteReaderAsync(RelationalCommandParameterObject parameterObject, CancellationToken cancellationToken)
   at Microsoft.EntityFrameworkCore.Query.Internal.SingleQueryingEnumerable`1.AsyncEnumerator.InitializeReaderAsync(AsyncEnumerator enumerator, CancellationToken cancellationToken)
   at Microsoft.EntityFrameworkCore.SqlServer.Storage.Internal.SqlServerExecutionStrategy.ExecuteAsync[TState,TResult](TState state, Func`4 operation, Func`4 verifySucceeded, CancellationToken cancellationToken)
   at Microsoft.EntityFrameworkCore.Query.Internal.SingleQueryingEnumerable`1.AsyncEnumerator.MoveNextAsync()
ClientConnectionId:53c5c222-849b-42d1-8697-aa398d1f0e7f
Error Number:208,State:1,Class:16
2024-06-15 12:06:50.589 +03:00 [INF] fail: 15/06/2024 12:06:50.589 CoreEventId.QueryIterationFailed[10100] (Microsoft.EntityFrameworkCore.Query) 
      An exception occurred while iterating over the results of a query for context type 'Minimart_Api.Data.MyDBContext'.
      Microsoft.Data.SqlClient.SqlException (0x80131904): Invalid object name 'myEntities'.
         at Microsoft.Data.SqlClient.SqlCommand.<>c.<ExecuteDbDataReaderAsync>b__188_0(Task`1 result)
         at System.Threading.Tasks.ContinuationResultTaskFromResultTask`2.InnerInvoke()
         at System.Threading.ExecutionContext.RunInternal(ExecutionContext executionContext, ContextCallback callback, Object state)
      --- End of stack trace from previous location ---
         at System.Threading.ExecutionContext.RunInternal(ExecutionContext executionContext, ContextCallback callback, Object state)
         at System.Threading.Tasks.Task.ExecuteWithThreadLocal(Task& currentTaskSlot, Thread threadPoolThread)
      --- End of stack trace from previous location ---
         at Microsoft.EntityFrameworkCore.Storage.RelationalCommand.ExecuteReaderAsync(RelationalCommandParameterObject parameterObject, CancellationToken cancellationToken)
         at Microsoft.EntityFrameworkCore.Storage.RelationalCommand.ExecuteReaderAsync(RelationalCommandParameterObject parameterObject, CancellationToken cancellationToken)
         at Microsoft.EntityFrameworkCore.Query.Internal.SingleQueryingEnumerable`1.AsyncEnumerator.InitializeReaderAsync(AsyncEnumerator enumerator, CancellationToken cancellationToken)
         at Microsoft.EntityFrameworkCore.SqlServer.Storage.Internal.SqlServerExecutionStrategy.ExecuteAsync[TState,TResult](TState state, Func`4 operation, Func`4 verifySucceeded, CancellationToken cancellationToken)
         at Microsoft.EntityFrameworkCore.Query.Internal.SingleQueryingEnumerable`1.AsyncEnumerator.MoveNextAsync()
      ClientConnectionId:53c5c222-849b-42d1-8697-aa398d1f0e7f
      Error Number:208,State:1,Class:16
2024-06-15 12:06:50.721 +03:00 [INF] Executed action Minimart_Api.Controllers.EntitiesController.GetEntities (Minimart Api) in 23524.7239ms
2024-06-15 12:06:50.722 +03:00 [INF] Executed endpoint 'Minimart_Api.Controllers.EntitiesController.GetEntities (Minimart Api)'
2024-06-15 12:06:50.723 +03:00 [ERR] An unhandled exception has occurred while executing the request.
Microsoft.Data.SqlClient.SqlException (0x80131904): Invalid object name 'myEntities'.
   at Microsoft.Data.SqlClient.SqlCommand.<>c.<ExecuteDbDataReaderAsync>b__188_0(Task`1 result)
   at System.Threading.Tasks.ContinuationResultTaskFromResultTask`2.InnerInvoke()
   at System.Threading.ExecutionContext.RunInternal(ExecutionContext executionContext, ContextCallback callback, Object state)
--- End of stack trace from previous location ---
   at System.Threading.ExecutionContext.RunInternal(ExecutionContext executionContext, ContextCallback callback, Object state)
   at System.Threading.Tasks.Task.ExecuteWithThreadLocal(Task& currentTaskSlot, Thread threadPoolThread)
--- End of stack trace from previous location ---
   at Microsoft.EntityFrameworkCore.Storage.RelationalCommand.ExecuteReaderAsync(RelationalCommandParameterObject parameterObject, CancellationToken cancellationToken)
   at Microsoft.EntityFrameworkCore.Storage.RelationalCommand.ExecuteReaderAsync(RelationalCommandParameterObject parameterObject, CancellationToken cancellationToken)
   at Microsoft.EntityFrameworkCore.Query.Internal.SingleQueryingEnumerable`1.AsyncEnumerator.InitializeReaderAsync(AsyncEnumerator enumerator, CancellationToken cancellationToken)
   at Microsoft.EntityFrameworkCore.SqlServer.Storage.Internal.SqlServerExecutionStrategy.ExecuteAsync[TState,TResult](TState state, Func`4 operation, Func`4 verifySucceeded, CancellationToken cancellationToken)
   at Microsoft.EntityFrameworkCore.Query.Internal.SingleQueryingEnumerable`1.AsyncEnumerator.MoveNextAsync()
   at Microsoft.EntityFrameworkCore.EntityFrameworkQueryableExtensions.ToListAsync[TSource](IQueryable`1 source, CancellationToken cancellationToken)
   at Microsoft.EntityFrameworkCore.EntityFrameworkQueryableExtensions.ToListAsync[TSource](IQueryable`1 source, CancellationToken cancellationToken)
   at Minimart_Api.Repositories.MyRepository.GetAllAsync() in C:\Users\Caleb.Muchiri\Documents\EC\Minimart Api\Repositories\MyRepository.cs:line 18
   at Minimart_Api.Services.MyService.GetEntitiesAsync() in C:\Users\Caleb.Muchiri\Documents\EC\Minimart Api\Services\MyService.cs:line 15
   at Minimart_Api.Controllers.EntitiesController.GetEntities() in C:\Users\Caleb.Muchiri\Documents\EC\Minimart Api\Controllers\EntitiesController.cs:line 20
   at Microsoft.AspNetCore.Mvc.Infrastructure.ActionMethodExecutor.TaskOfIActionResultExecutor.Execute(ActionContext actionContext, IActionResultTypeMapper mapper, ObjectMethodExecutor executor, Object controller, Object[] arguments)
   at Microsoft.AspNetCore.Mvc.Infrastructure.ControllerActionInvoker.<InvokeActionMethodAsync>g__Awaited|12_0(ControllerActionInvoker invoker, ValueTask`1 actionResultValueTask)
   at Microsoft.AspNetCore.Mvc.Infrastructure.ControllerActionInvoker.<InvokeNextActionFilterAsync>g__Awaited|10_0(ControllerActionInvoker invoker, Task lastTask, State next, Scope scope, Object state, Boolean isCompleted)
   at Microsoft.AspNetCore.Mvc.Infrastructure.ControllerActionInvoker.Rethrow(ActionExecutedContextSealed context)
   at Microsoft.AspNetCore.Mvc.Infrastructure.ControllerActionInvoker.Next(State& next, Scope& scope, Object& state, Boolean& isCompleted)
   at Microsoft.AspNetCore.Mvc.Infrastructure.ControllerActionInvoker.<InvokeInnerFilterAsync>g__Awaited|13_0(ControllerActionInvoker invoker, Task lastTask, State next, Scope scope, Object state, Boolean isCompleted)
   at Microsoft.AspNetCore.Mvc.Infrastructure.ResourceInvoker.<InvokeFilterPipelineAsync>g__Awaited|20_0(ResourceInvoker invoker, Task lastTask, State next, Scope scope, Object state, Boolean isCompleted)
   at Microsoft.AspNetCore.Mvc.Infrastructure.ResourceInvoker.<InvokeAsync>g__Logged|17_1(ResourceInvoker invoker)
   at Microsoft.AspNetCore.Mvc.Infrastructure.ResourceInvoker.<InvokeAsync>g__Logged|17_1(ResourceInvoker invoker)
   at Microsoft.AspNetCore.Routing.EndpointMiddleware.<Invoke>g__AwaitRequestTask|7_0(Endpoint endpoint, Task requestTask, ILogger logger)
   at Microsoft.AspNetCore.Diagnostics.ExceptionHandlerMiddlewareImpl.<Invoke>g__Awaited|10_0(ExceptionHandlerMiddlewareImpl middleware, HttpContext context, Task task)
ClientConnectionId:53c5c222-849b-42d1-8697-aa398d1f0e7f
Error Number:208,State:1,Class:16
2024-06-15 12:06:50.737 +03:00 [INF] Executing endpoint 'Minimart_Api.Controllers.ErrorController.HandleError (Minimart Api)'
2024-06-15 12:06:50.739 +03:00 [INF] Route matched with {action = "HandleError", controller = "Error"}. Executing controller action with signature Microsoft.AspNetCore.Mvc.IActionResult HandleError() on controller Minimart_Api.Controllers.ErrorController (Minimart Api).
2024-06-15 12:06:50.742 +03:00 [INF] Executing ObjectResult, writing value of type 'Microsoft.AspNetCore.Mvc.ProblemDetails'.
2024-06-15 12:06:50.760 +03:00 [INF] Executed action Minimart_Api.Controllers.ErrorController.HandleError (Minimart Api) in 20.6752ms
2024-06-15 12:06:50.760 +03:00 [INF] Executed endpoint 'Minimart_Api.Controllers.ErrorController.HandleError (Minimart Api)'
2024-06-15 12:06:50.767 +03:00 [INF] Request finished HTTP/2 GET https://localhost:44334/api/Entities - 500 null application/problem+json; charset=utf-8 23608.5362ms
2024-06-15 12:08:37.672 +03:00 [INF] Application started. Press Ctrl+C to shut down.
2024-06-15 12:08:37.692 +03:00 [INF] Request starting HTTP/2 GET https://localhost:44334/swagger - null null
2024-06-15 12:08:37.692 +03:00 [INF] Request starting HTTP/2 GET https://localhost:44334/swagger/index.html - null null
2024-06-15 12:08:37.710 +03:00 [INF] Hosting environment: Development
2024-06-15 12:08:37.710 +03:00 [INF] Content root path: C:\Users\Caleb.Muchiri\Documents\EC\Minimart Api
2024-06-15 12:08:37.850 +03:00 [INF] Request finished HTTP/2 GET https://localhost:44334/swagger - 499 null null 162.2487ms
2024-06-15 12:08:37.933 +03:00 [INF] Request finished HTTP/2 GET https://localhost:44334/swagger/index.html - 200 null text/html;charset=utf-8 246.358ms
2024-06-15 12:08:37.967 +03:00 [INF] Request starting HTTP/2 GET https://localhost:44334/swagger/swagger-ui.css - null null
2024-06-15 12:08:37.967 +03:00 [INF] Request starting HTTP/2 GET https://localhost:44334/_vs/browserLink - null null
2024-06-15 12:08:37.967 +03:00 [INF] Request starting HTTP/2 GET https://localhost:44334/_framework/aspnetcore-browser-refresh.js - null null
2024-06-15 12:08:37.974 +03:00 [INF] Request finished HTTP/2 GET https://localhost:44334/_framework/aspnetcore-browser-refresh.js - 200 13760 application/javascript; charset=utf-8 6.1571ms
2024-06-15 12:08:38.010 +03:00 [INF] Sending file. Request path: '/swagger-ui.css'. Physical path: 'N/A'
2024-06-15 12:08:38.010 +03:00 [INF] Request finished HTTP/2 GET https://localhost:44334/swagger/swagger-ui.css - 499 143943 text/css 43.3933ms
2024-06-15 12:08:38.030 +03:00 [INF] Request finished HTTP/2 GET https://localhost:44334/_vs/browserLink - 200 null text/javascript; charset=UTF-8 62.7826ms
2024-06-15 12:08:38.062 +03:00 [INF] Request starting HTTP/2 GET https://localhost:44334/swagger/favicon-32x32.png - null null
2024-06-15 12:08:38.063 +03:00 [INF] Sending file. Request path: '/favicon-32x32.png'. Physical path: 'N/A'
2024-06-15 12:08:38.064 +03:00 [INF] Request finished HTTP/2 GET https://localhost:44334/swagger/favicon-32x32.png - 499 628 image/png 1.7215ms
2024-06-15 12:08:38.134 +03:00 [INF] Request starting HTTP/2 GET https://localhost:44334/swagger/v1/swagger.json - null null
2024-06-15 12:08:38.271 +03:00 [INF] Request finished HTTP/2 GET https://localhost:44334/swagger/v1/swagger.json - 200 null application/json;charset=utf-8 137.1869ms
2024-06-15 12:08:43.758 +03:00 [INF] Request starting HTTP/2 GET https://localhost:44334/api/Entities - null null
2024-06-15 12:08:43.770 +03:00 [INF] Executing endpoint 'Minimart_Api.Controllers.EntitiesController.GetEntities (Minimart Api)'
2024-06-15 12:08:43.787 +03:00 [INF] Route matched with {action = "GetEntities", controller = "Entities"}. Executing controller action with signature System.Threading.Tasks.Task`1[Microsoft.AspNetCore.Mvc.IActionResult] GetEntities() on controller Minimart_Api.Controllers.EntitiesController (Minimart Api).
2024-06-15 12:08:47.062 +03:00 [WRN] Sensitive data logging is enabled. Log entries and exception messages may include sensitive application data; this mode should only be enabled during development.
2024-06-15 12:08:47.072 +03:00 [INF] warn: 15/06/2024 12:08:47.071 CoreEventId.SensitiveDataLoggingEnabledWarning[10400] (Microsoft.EntityFrameworkCore.Infrastructure) 
      Sensitive data logging is enabled. Log entries and exception messages may include sensitive application data; this mode should only be enabled during development.
2024-06-15 12:08:47.165 +03:00 [INF] Entity Framework Core 6.0.0 initialized 'MyDBContext' using provider 'Microsoft.EntityFrameworkCore.SqlServer:6.0.0' with options: SensitiveDataLoggingEnabled 
2024-06-15 12:08:47.166 +03:00 [INF] info: 15/06/2024 12:08:47.166 CoreEventId.ContextInitialized[10403] (Microsoft.EntityFrameworkCore.Infrastructure) 
      Entity Framework Core 6.0.0 initialized 'MyDBContext' using provider 'Microsoft.EntityFrameworkCore.SqlServer:6.0.0' with options: SensitiveDataLoggingEnabled 
2024-06-15 12:08:47.552 +03:00 [ERR] Failed executing DbCommand (257ms) [Parameters=[], CommandType='"Text"', CommandTimeout='30']
SELECT [m].[Id], [m].[Name]
FROM [MyEntities] AS [m]
2024-06-15 12:08:47.554 +03:00 [INF] fail: 15/06/2024 12:08:47.554 RelationalEventId.CommandError[20102] (Microsoft.EntityFrameworkCore.Database.Command) 
      Failed executing DbCommand (257ms) [Parameters=[], CommandType='Text', CommandTimeout='30']
      SELECT [m].[Id], [m].[Name]
      FROM [MyEntities] AS [m]
2024-06-15 12:08:47.585 +03:00 [ERR] An exception occurred while iterating over the results of a query for context type 'Minimart_Api.Data.MyDBContext'.
Microsoft.Data.SqlClient.SqlException (0x80131904): Invalid object name 'MyEntities'.
   at Microsoft.Data.SqlClient.SqlCommand.<>c.<ExecuteDbDataReaderAsync>b__188_0(Task`1 result)
   at System.Threading.Tasks.ContinuationResultTaskFromResultTask`2.InnerInvoke()
   at System.Threading.ExecutionContext.RunInternal(ExecutionContext executionContext, ContextCallback callback, Object state)
--- End of stack trace from previous location ---
   at System.Threading.ExecutionContext.RunInternal(ExecutionContext executionContext, ContextCallback callback, Object state)
   at System.Threading.Tasks.Task.ExecuteWithThreadLocal(Task& currentTaskSlot, Thread threadPoolThread)
--- End of stack trace from previous location ---
   at Microsoft.EntityFrameworkCore.Storage.RelationalCommand.ExecuteReaderAsync(RelationalCommandParameterObject parameterObject, CancellationToken cancellationToken)
   at Microsoft.EntityFrameworkCore.Storage.RelationalCommand.ExecuteReaderAsync(RelationalCommandParameterObject parameterObject, CancellationToken cancellationToken)
   at Microsoft.EntityFrameworkCore.Query.Internal.SingleQueryingEnumerable`1.AsyncEnumerator.InitializeReaderAsync(AsyncEnumerator enumerator, CancellationToken cancellationToken)
   at Microsoft.EntityFrameworkCore.SqlServer.Storage.Internal.SqlServerExecutionStrategy.ExecuteAsync[TState,TResult](TState state, Func`4 operation, Func`4 verifySucceeded, CancellationToken cancellationToken)
   at Microsoft.EntityFrameworkCore.Query.Internal.SingleQueryingEnumerable`1.AsyncEnumerator.MoveNextAsync()
ClientConnectionId:b1caaea6-2794-46d0-8535-5cb460b765aa
Error Number:208,State:1,Class:16
Microsoft.Data.SqlClient.SqlException (0x80131904): Invalid object name 'MyEntities'.
   at Microsoft.Data.SqlClient.SqlCommand.<>c.<ExecuteDbDataReaderAsync>b__188_0(Task`1 result)
   at System.Threading.Tasks.ContinuationResultTaskFromResultTask`2.InnerInvoke()
   at System.Threading.ExecutionContext.RunInternal(ExecutionContext executionContext, ContextCallback callback, Object state)
--- End of stack trace from previous location ---
   at System.Threading.ExecutionContext.RunInternal(ExecutionContext executionContext, ContextCallback callback, Object state)
   at System.Threading.Tasks.Task.ExecuteWithThreadLocal(Task& currentTaskSlot, Thread threadPoolThread)
--- End of stack trace from previous location ---
   at Microsoft.EntityFrameworkCore.Storage.RelationalCommand.ExecuteReaderAsync(RelationalCommandParameterObject parameterObject, CancellationToken cancellationToken)
   at Microsoft.EntityFrameworkCore.Storage.RelationalCommand.ExecuteReaderAsync(RelationalCommandParameterObject parameterObject, CancellationToken cancellationToken)
   at Microsoft.EntityFrameworkCore.Query.Internal.SingleQueryingEnumerable`1.AsyncEnumerator.InitializeReaderAsync(AsyncEnumerator enumerator, CancellationToken cancellationToken)
   at Microsoft.EntityFrameworkCore.SqlServer.Storage.Internal.SqlServerExecutionStrategy.ExecuteAsync[TState,TResult](TState state, Func`4 operation, Func`4 verifySucceeded, CancellationToken cancellationToken)
   at Microsoft.EntityFrameworkCore.Query.Internal.SingleQueryingEnumerable`1.AsyncEnumerator.MoveNextAsync()
ClientConnectionId:b1caaea6-2794-46d0-8535-5cb460b765aa
Error Number:208,State:1,Class:16
2024-06-15 12:08:47.587 +03:00 [INF] fail: 15/06/2024 12:08:47.587 CoreEventId.QueryIterationFailed[10100] (Microsoft.EntityFrameworkCore.Query) 
      An exception occurred while iterating over the results of a query for context type 'Minimart_Api.Data.MyDBContext'.
      Microsoft.Data.SqlClient.SqlException (0x80131904): Invalid object name 'MyEntities'.
         at Microsoft.Data.SqlClient.SqlCommand.<>c.<ExecuteDbDataReaderAsync>b__188_0(Task`1 result)
         at System.Threading.Tasks.ContinuationResultTaskFromResultTask`2.InnerInvoke()
         at System.Threading.ExecutionContext.RunInternal(ExecutionContext executionContext, ContextCallback callback, Object state)
      --- End of stack trace from previous location ---
         at System.Threading.ExecutionContext.RunInternal(ExecutionContext executionContext, ContextCallback callback, Object state)
         at System.Threading.Tasks.Task.ExecuteWithThreadLocal(Task& currentTaskSlot, Thread threadPoolThread)
      --- End of stack trace from previous location ---
         at Microsoft.EntityFrameworkCore.Storage.RelationalCommand.ExecuteReaderAsync(RelationalCommandParameterObject parameterObject, CancellationToken cancellationToken)
         at Microsoft.EntityFrameworkCore.Storage.RelationalCommand.ExecuteReaderAsync(RelationalCommandParameterObject parameterObject, CancellationToken cancellationToken)
         at Microsoft.EntityFrameworkCore.Query.Internal.SingleQueryingEnumerable`1.AsyncEnumerator.InitializeReaderAsync(AsyncEnumerator enumerator, CancellationToken cancellationToken)
         at Microsoft.EntityFrameworkCore.SqlServer.Storage.Internal.SqlServerExecutionStrategy.ExecuteAsync[TState,TResult](TState state, Func`4 operation, Func`4 verifySucceeded, CancellationToken cancellationToken)
         at Microsoft.EntityFrameworkCore.Query.Internal.SingleQueryingEnumerable`1.AsyncEnumerator.MoveNextAsync()
      ClientConnectionId:b1caaea6-2794-46d0-8535-5cb460b765aa
      Error Number:208,State:1,Class:16
2024-06-15 12:08:47.681 +03:00 [INF] Executed action Minimart_Api.Controllers.EntitiesController.GetEntities (Minimart Api) in 3891.5126ms
2024-06-15 12:08:47.682 +03:00 [INF] Executed endpoint 'Minimart_Api.Controllers.EntitiesController.GetEntities (Minimart Api)'
2024-06-15 12:08:47.683 +03:00 [ERR] An unhandled exception has occurred while executing the request.
Microsoft.Data.SqlClient.SqlException (0x80131904): Invalid object name 'MyEntities'.
   at Microsoft.Data.SqlClient.SqlCommand.<>c.<ExecuteDbDataReaderAsync>b__188_0(Task`1 result)
   at System.Threading.Tasks.ContinuationResultTaskFromResultTask`2.InnerInvoke()
   at System.Threading.ExecutionContext.RunInternal(ExecutionContext executionContext, ContextCallback callback, Object state)
--- End of stack trace from previous location ---
   at System.Threading.ExecutionContext.RunInternal(ExecutionContext executionContext, ContextCallback callback, Object state)
   at System.Threading.Tasks.Task.ExecuteWithThreadLocal(Task& currentTaskSlot, Thread threadPoolThread)
--- End of stack trace from previous location ---
   at Microsoft.EntityFrameworkCore.Storage.RelationalCommand.ExecuteReaderAsync(RelationalCommandParameterObject parameterObject, CancellationToken cancellationToken)
   at Microsoft.EntityFrameworkCore.Storage.RelationalCommand.ExecuteReaderAsync(RelationalCommandParameterObject parameterObject, CancellationToken cancellationToken)
   at Microsoft.EntityFrameworkCore.Query.Internal.SingleQueryingEnumerable`1.AsyncEnumerator.InitializeReaderAsync(AsyncEnumerator enumerator, CancellationToken cancellationToken)
   at Microsoft.EntityFrameworkCore.SqlServer.Storage.Internal.SqlServerExecutionStrategy.ExecuteAsync[TState,TResult](TState state, Func`4 operation, Func`4 verifySucceeded, CancellationToken cancellationToken)
   at Microsoft.EntityFrameworkCore.Query.Internal.SingleQueryingEnumerable`1.AsyncEnumerator.MoveNextAsync()
   at Microsoft.EntityFrameworkCore.EntityFrameworkQueryableExtensions.ToListAsync[TSource](IQueryable`1 source, CancellationToken cancellationToken)
   at Microsoft.EntityFrameworkCore.EntityFrameworkQueryableExtensions.ToListAsync[TSource](IQueryable`1 source, CancellationToken cancellationToken)
   at Minimart_Api.Repositories.MyRepository.GetAllAsync() in C:\Users\Caleb.Muchiri\Documents\EC\Minimart Api\Repositories\MyRepository.cs:line 18
   at Minimart_Api.Services.MyService.GetEntitiesAsync() in C:\Users\Caleb.Muchiri\Documents\EC\Minimart Api\Services\MyService.cs:line 15
   at Minimart_Api.Controllers.EntitiesController.GetEntities() in C:\Users\Caleb.Muchiri\Documents\EC\Minimart Api\Controllers\EntitiesController.cs:line 20
   at Microsoft.AspNetCore.Mvc.Infrastructure.ActionMethodExecutor.TaskOfIActionResultExecutor.Execute(ActionContext actionContext, IActionResultTypeMapper mapper, ObjectMethodExecutor executor, Object controller, Object[] arguments)
   at Microsoft.AspNetCore.Mvc.Infrastructure.ControllerActionInvoker.<InvokeActionMethodAsync>g__Awaited|12_0(ControllerActionInvoker invoker, ValueTask`1 actionResultValueTask)
   at Microsoft.AspNetCore.Mvc.Infrastructure.ControllerActionInvoker.<InvokeNextActionFilterAsync>g__Awaited|10_0(ControllerActionInvoker invoker, Task lastTask, State next, Scope scope, Object state, Boolean isCompleted)
   at Microsoft.AspNetCore.Mvc.Infrastructure.ControllerActionInvoker.Rethrow(ActionExecutedContextSealed context)
   at Microsoft.AspNetCore.Mvc.Infrastructure.ControllerActionInvoker.Next(State& next, Scope& scope, Object& state, Boolean& isCompleted)
   at Microsoft.AspNetCore.Mvc.Infrastructure.ControllerActionInvoker.<InvokeInnerFilterAsync>g__Awaited|13_0(ControllerActionInvoker invoker, Task lastTask, State next, Scope scope, Object state, Boolean isCompleted)
   at Microsoft.AspNetCore.Mvc.Infrastructure.ResourceInvoker.<InvokeFilterPipelineAsync>g__Awaited|20_0(ResourceInvoker invoker, Task lastTask, State next, Scope scope, Object state, Boolean isCompleted)
   at Microsoft.AspNetCore.Mvc.Infrastructure.ResourceInvoker.<InvokeAsync>g__Logged|17_1(ResourceInvoker invoker)
   at Microsoft.AspNetCore.Mvc.Infrastructure.ResourceInvoker.<InvokeAsync>g__Logged|17_1(ResourceInvoker invoker)
   at Microsoft.AspNetCore.Routing.EndpointMiddleware.<Invoke>g__AwaitRequestTask|7_0(Endpoint endpoint, Task requestTask, ILogger logger)
   at Microsoft.AspNetCore.Diagnostics.ExceptionHandlerMiddlewareImpl.<Invoke>g__Awaited|10_0(ExceptionHandlerMiddlewareImpl middleware, HttpContext context, Task task)
ClientConnectionId:b1caaea6-2794-46d0-8535-5cb460b765aa
Error Number:208,State:1,Class:16
2024-06-15 12:08:47.698 +03:00 [INF] Executing endpoint 'Minimart_Api.Controllers.ErrorController.HandleError (Minimart Api)'
2024-06-15 12:08:47.700 +03:00 [INF] Route matched with {action = "HandleError", controller = "Error"}. Executing controller action with signature Microsoft.AspNetCore.Mvc.IActionResult HandleError() on controller Minimart_Api.Controllers.ErrorController (Minimart Api).
2024-06-15 12:08:47.704 +03:00 [INF] Executing ObjectResult, writing value of type 'Microsoft.AspNetCore.Mvc.ProblemDetails'.
2024-06-15 12:08:47.722 +03:00 [INF] Executed action Minimart_Api.Controllers.ErrorController.HandleError (Minimart Api) in 22.3898ms
2024-06-15 12:08:47.723 +03:00 [INF] Executed endpoint 'Minimart_Api.Controllers.ErrorController.HandleError (Minimart Api)'
2024-06-15 12:08:47.726 +03:00 [INF] Request finished HTTP/2 GET https://localhost:44334/api/Entities - 500 null application/problem+json; charset=utf-8 3968.3202ms
2024-06-15 12:17:11.942 +03:00 [INF] Application started. Press Ctrl+C to shut down.
2024-06-15 12:17:11.963 +03:00 [INF] Request starting HTTP/2 GET https://localhost:44334/swagger - null null
2024-06-15 12:17:11.963 +03:00 [INF] Request starting HTTP/2 GET https://localhost:44334/swagger/index.html - null null
2024-06-15 12:17:11.982 +03:00 [INF] Hosting environment: Development
2024-06-15 12:17:11.983 +03:00 [INF] Content root path: C:\Users\Caleb.Muchiri\Documents\EC\Minimart Api
2024-06-15 12:17:12.119 +03:00 [INF] Request finished HTTP/2 GET https://localhost:44334/swagger - 499 null null 160.9841ms
2024-06-15 12:17:12.196 +03:00 [INF] Request finished HTTP/2 GET https://localhost:44334/swagger/index.html - 200 null text/html;charset=utf-8 233.0191ms
2024-06-15 12:17:12.242 +03:00 [INF] Request starting HTTP/2 GET https://localhost:44334/_framework/aspnetcore-browser-refresh.js - null null
2024-06-15 12:17:12.242 +03:00 [INF] Request starting HTTP/2 GET https://localhost:44334/swagger/swagger-ui.css - null null
2024-06-15 12:17:12.242 +03:00 [INF] Request starting HTTP/2 GET https://localhost:44334/_vs/browserLink - null null
2024-06-15 12:17:12.256 +03:00 [INF] Request finished HTTP/2 GET https://localhost:44334/_framework/aspnetcore-browser-refresh.js - 200 13760 application/javascript; charset=utf-8 6.9348ms
2024-06-15 12:17:12.276 +03:00 [INF] Sending file. Request path: '/swagger-ui.css'. Physical path: 'N/A'
2024-06-15 12:17:12.277 +03:00 [INF] Request finished HTTP/2 GET https://localhost:44334/swagger/swagger-ui.css - 499 143943 text/css 35.3391ms
2024-06-15 12:17:12.351 +03:00 [INF] Request finished HTTP/2 GET https://localhost:44334/_vs/browserLink - 200 null text/javascript; charset=UTF-8 108.9112ms
2024-06-15 12:17:12.389 +03:00 [INF] Request starting HTTP/2 GET https://localhost:44334/swagger/favicon-32x32.png - null null
2024-06-15 12:17:12.391 +03:00 [INF] Sending file. Request path: '/favicon-32x32.png'. Physical path: 'N/A'
2024-06-15 12:17:12.391 +03:00 [INF] Request finished HTTP/2 GET https://localhost:44334/swagger/favicon-32x32.png - 499 628 image/png 1.9197ms
2024-06-15 12:17:12.427 +03:00 [INF] Request starting HTTP/2 GET https://localhost:44334/swagger/v1/swagger.json - null null
2024-06-15 12:17:12.534 +03:00 [INF] Request finished HTTP/2 GET https://localhost:44334/swagger/v1/swagger.json - 200 null application/json;charset=utf-8 107.3431ms
2024-06-15 12:17:16.243 +03:00 [INF] Request starting HTTP/2 GET https://localhost:44334/api/Entities - null null
2024-06-15 12:17:16.255 +03:00 [INF] Executing endpoint 'Minimart_Api.Controllers.EntitiesController.GetEntities (Minimart Api)'
2024-06-15 12:17:16.271 +03:00 [INF] Route matched with {action = "GetEntities", controller = "Entities"}. Executing controller action with signature System.Threading.Tasks.Task`1[Microsoft.AspNetCore.Mvc.IActionResult] GetEntities() on controller Minimart_Api.Controllers.EntitiesController (Minimart Api).
2024-06-15 12:17:24.943 +03:00 [WRN] Sensitive data logging is enabled. Log entries and exception messages may include sensitive application data; this mode should only be enabled during development.
2024-06-15 12:17:24.949 +03:00 [INF] warn: 15/06/2024 12:17:24.948 CoreEventId.SensitiveDataLoggingEnabledWarning[10400] (Microsoft.EntityFrameworkCore.Infrastructure) 
      Sensitive data logging is enabled. Log entries and exception messages may include sensitive application data; this mode should only be enabled during development.
2024-06-15 12:17:25.043 +03:00 [INF] Entity Framework Core 6.0.0 initialized 'MyDBContext' using provider 'Microsoft.EntityFrameworkCore.SqlServer:6.0.0' with options: SensitiveDataLoggingEnabled 
2024-06-15 12:17:25.044 +03:00 [INF] info: 15/06/2024 12:17:25.044 CoreEventId.ContextInitialized[10403] (Microsoft.EntityFrameworkCore.Infrastructure) 
      Entity Framework Core 6.0.0 initialized 'MyDBContext' using provider 'Microsoft.EntityFrameworkCore.SqlServer:6.0.0' with options: SensitiveDataLoggingEnabled 
2024-06-15 12:17:25.431 +03:00 [ERR] Failed executing DbCommand (258ms) [Parameters=[], CommandType='"Text"', CommandTimeout='30']
SELECT [m].[Id], [m].[Name]
FROM [MyEntities] AS [m]
2024-06-15 12:17:25.433 +03:00 [INF] fail: 15/06/2024 12:17:25.433 RelationalEventId.CommandError[20102] (Microsoft.EntityFrameworkCore.Database.Command) 
      Failed executing DbCommand (258ms) [Parameters=[], CommandType='Text', CommandTimeout='30']
      SELECT [m].[Id], [m].[Name]
      FROM [MyEntities] AS [m]
2024-06-15 12:17:25.462 +03:00 [ERR] An exception occurred while iterating over the results of a query for context type 'Minimart_Api.Data.MyDBContext'.
Microsoft.Data.SqlClient.SqlException (0x80131904): Invalid object name 'MyEntities'.
   at Microsoft.Data.SqlClient.SqlCommand.<>c.<ExecuteDbDataReaderAsync>b__188_0(Task`1 result)
   at System.Threading.Tasks.ContinuationResultTaskFromResultTask`2.InnerInvoke()
   at System.Threading.ExecutionContext.RunInternal(ExecutionContext executionContext, ContextCallback callback, Object state)
--- End of stack trace from previous location ---
   at System.Threading.ExecutionContext.RunInternal(ExecutionContext executionContext, ContextCallback callback, Object state)
   at System.Threading.Tasks.Task.ExecuteWithThreadLocal(Task& currentTaskSlot, Thread threadPoolThread)
--- End of stack trace from previous location ---
   at Microsoft.EntityFrameworkCore.Storage.RelationalCommand.ExecuteReaderAsync(RelationalCommandParameterObject parameterObject, CancellationToken cancellationToken)
   at Microsoft.EntityFrameworkCore.Storage.RelationalCommand.ExecuteReaderAsync(RelationalCommandParameterObject parameterObject, CancellationToken cancellationToken)
   at Microsoft.EntityFrameworkCore.Query.Internal.SingleQueryingEnumerable`1.AsyncEnumerator.InitializeReaderAsync(AsyncEnumerator enumerator, CancellationToken cancellationToken)
   at Microsoft.EntityFrameworkCore.SqlServer.Storage.Internal.SqlServerExecutionStrategy.ExecuteAsync[TState,TResult](TState state, Func`4 operation, Func`4 verifySucceeded, CancellationToken cancellationToken)
   at Microsoft.EntityFrameworkCore.Query.Internal.SingleQueryingEnumerable`1.AsyncEnumerator.MoveNextAsync()
ClientConnectionId:09e78bbf-106e-4c0b-b167-8aafe93cbfc8
Error Number:208,State:1,Class:16
Microsoft.Data.SqlClient.SqlException (0x80131904): Invalid object name 'MyEntities'.
   at Microsoft.Data.SqlClient.SqlCommand.<>c.<ExecuteDbDataReaderAsync>b__188_0(Task`1 result)
   at System.Threading.Tasks.ContinuationResultTaskFromResultTask`2.InnerInvoke()
   at System.Threading.ExecutionContext.RunInternal(ExecutionContext executionContext, ContextCallback callback, Object state)
--- End of stack trace from previous location ---
   at System.Threading.ExecutionContext.RunInternal(ExecutionContext executionContext, ContextCallback callback, Object state)
   at System.Threading.Tasks.Task.ExecuteWithThreadLocal(Task& currentTaskSlot, Thread threadPoolThread)
--- End of stack trace from previous location ---
   at Microsoft.EntityFrameworkCore.Storage.RelationalCommand.ExecuteReaderAsync(RelationalCommandParameterObject parameterObject, CancellationToken cancellationToken)
   at Microsoft.EntityFrameworkCore.Storage.RelationalCommand.ExecuteReaderAsync(RelationalCommandParameterObject parameterObject, CancellationToken cancellationToken)
   at Microsoft.EntityFrameworkCore.Query.Internal.SingleQueryingEnumerable`1.AsyncEnumerator.InitializeReaderAsync(AsyncEnumerator enumerator, CancellationToken cancellationToken)
   at Microsoft.EntityFrameworkCore.SqlServer.Storage.Internal.SqlServerExecutionStrategy.ExecuteAsync[TState,TResult](TState state, Func`4 operation, Func`4 verifySucceeded, CancellationToken cancellationToken)
   at Microsoft.EntityFrameworkCore.Query.Internal.SingleQueryingEnumerable`1.AsyncEnumerator.MoveNextAsync()
ClientConnectionId:09e78bbf-106e-4c0b-b167-8aafe93cbfc8
Error Number:208,State:1,Class:16
2024-06-15 12:17:25.464 +03:00 [INF] fail: 15/06/2024 12:17:25.464 CoreEventId.QueryIterationFailed[10100] (Microsoft.EntityFrameworkCore.Query) 
      An exception occurred while iterating over the results of a query for context type 'Minimart_Api.Data.MyDBContext'.
      Microsoft.Data.SqlClient.SqlException (0x80131904): Invalid object name 'MyEntities'.
         at Microsoft.Data.SqlClient.SqlCommand.<>c.<ExecuteDbDataReaderAsync>b__188_0(Task`1 result)
         at System.Threading.Tasks.ContinuationResultTaskFromResultTask`2.InnerInvoke()
         at System.Threading.ExecutionContext.RunInternal(ExecutionContext executionContext, ContextCallback callback, Object state)
      --- End of stack trace from previous location ---
         at System.Threading.ExecutionContext.RunInternal(ExecutionContext executionContext, ContextCallback callback, Object state)
         at System.Threading.Tasks.Task.ExecuteWithThreadLocal(Task& currentTaskSlot, Thread threadPoolThread)
      --- End of stack trace from previous location ---
         at Microsoft.EntityFrameworkCore.Storage.RelationalCommand.ExecuteReaderAsync(RelationalCommandParameterObject parameterObject, CancellationToken cancellationToken)
         at Microsoft.EntityFrameworkCore.Storage.RelationalCommand.ExecuteReaderAsync(RelationalCommandParameterObject parameterObject, CancellationToken cancellationToken)
         at Microsoft.EntityFrameworkCore.Query.Internal.SingleQueryingEnumerable`1.AsyncEnumerator.InitializeReaderAsync(AsyncEnumerator enumerator, CancellationToken cancellationToken)
         at Microsoft.EntityFrameworkCore.SqlServer.Storage.Internal.SqlServerExecutionStrategy.ExecuteAsync[TState,TResult](TState state, Func`4 operation, Func`4 verifySucceeded, CancellationToken cancellationToken)
         at Microsoft.EntityFrameworkCore.Query.Internal.SingleQueryingEnumerable`1.AsyncEnumerator.MoveNextAsync()
      ClientConnectionId:09e78bbf-106e-4c0b-b167-8aafe93cbfc8
      Error Number:208,State:1,Class:16
2024-06-15 12:17:25.556 +03:00 [INF] Executed action Minimart_Api.Controllers.EntitiesController.GetEntities (Minimart Api) in 9283.3684ms
2024-06-15 12:17:25.557 +03:00 [INF] Executed endpoint 'Minimart_Api.Controllers.EntitiesController.GetEntities (Minimart Api)'
2024-06-15 12:17:25.558 +03:00 [ERR] An unhandled exception has occurred while executing the request.
Microsoft.Data.SqlClient.SqlException (0x80131904): Invalid object name 'MyEntities'.
   at Microsoft.Data.SqlClient.SqlCommand.<>c.<ExecuteDbDataReaderAsync>b__188_0(Task`1 result)
   at System.Threading.Tasks.ContinuationResultTaskFromResultTask`2.InnerInvoke()
   at System.Threading.ExecutionContext.RunInternal(ExecutionContext executionContext, ContextCallback callback, Object state)
--- End of stack trace from previous location ---
   at System.Threading.ExecutionContext.RunInternal(ExecutionContext executionContext, ContextCallback callback, Object state)
   at System.Threading.Tasks.Task.ExecuteWithThreadLocal(Task& currentTaskSlot, Thread threadPoolThread)
--- End of stack trace from previous location ---
   at Microsoft.EntityFrameworkCore.Storage.RelationalCommand.ExecuteReaderAsync(RelationalCommandParameterObject parameterObject, CancellationToken cancellationToken)
   at Microsoft.EntityFrameworkCore.Storage.RelationalCommand.ExecuteReaderAsync(RelationalCommandParameterObject parameterObject, CancellationToken cancellationToken)
   at Microsoft.EntityFrameworkCore.Query.Internal.SingleQueryingEnumerable`1.AsyncEnumerator.InitializeReaderAsync(AsyncEnumerator enumerator, CancellationToken cancellationToken)
   at Microsoft.EntityFrameworkCore.SqlServer.Storage.Internal.SqlServerExecutionStrategy.ExecuteAsync[TState,TResult](TState state, Func`4 operation, Func`4 verifySucceeded, CancellationToken cancellationToken)
   at Microsoft.EntityFrameworkCore.Query.Internal.SingleQueryingEnumerable`1.AsyncEnumerator.MoveNextAsync()
   at Microsoft.EntityFrameworkCore.EntityFrameworkQueryableExtensions.ToListAsync[TSource](IQueryable`1 source, CancellationToken cancellationToken)
   at Microsoft.EntityFrameworkCore.EntityFrameworkQueryableExtensions.ToListAsync[TSource](IQueryable`1 source, CancellationToken cancellationToken)
   at Minimart_Api.Repositories.MyRepository.GetAllAsync() in C:\Users\Caleb.Muchiri\Documents\EC\Minimart Api\Repositories\MyRepository.cs:line 18
   at Minimart_Api.Services.MyService.GetEntitiesAsync() in C:\Users\Caleb.Muchiri\Documents\EC\Minimart Api\Services\MyService.cs:line 15
   at Minimart_Api.Controllers.EntitiesController.GetEntities() in C:\Users\Caleb.Muchiri\Documents\EC\Minimart Api\Controllers\EntitiesController.cs:line 20
   at Microsoft.AspNetCore.Mvc.Infrastructure.ActionMethodExecutor.TaskOfIActionResultExecutor.Execute(ActionContext actionContext, IActionResultTypeMapper mapper, ObjectMethodExecutor executor, Object controller, Object[] arguments)
   at Microsoft.AspNetCore.Mvc.Infrastructure.ControllerActionInvoker.<InvokeActionMethodAsync>g__Awaited|12_0(ControllerActionInvoker invoker, ValueTask`1 actionResultValueTask)
   at Microsoft.AspNetCore.Mvc.Infrastructure.ControllerActionInvoker.<InvokeNextActionFilterAsync>g__Awaited|10_0(ControllerActionInvoker invoker, Task lastTask, State next, Scope scope, Object state, Boolean isCompleted)
   at Microsoft.AspNetCore.Mvc.Infrastructure.ControllerActionInvoker.Rethrow(ActionExecutedContextSealed context)
   at Microsoft.AspNetCore.Mvc.Infrastructure.ControllerActionInvoker.Next(State& next, Scope& scope, Object& state, Boolean& isCompleted)
   at Microsoft.AspNetCore.Mvc.Infrastructure.ControllerActionInvoker.<InvokeInnerFilterAsync>g__Awaited|13_0(ControllerActionInvoker invoker, Task lastTask, State next, Scope scope, Object state, Boolean isCompleted)
   at Microsoft.AspNetCore.Mvc.Infrastructure.ResourceInvoker.<InvokeFilterPipelineAsync>g__Awaited|20_0(ResourceInvoker invoker, Task lastTask, State next, Scope scope, Object state, Boolean isCompleted)
   at Microsoft.AspNetCore.Mvc.Infrastructure.ResourceInvoker.<InvokeAsync>g__Logged|17_1(ResourceInvoker invoker)
   at Microsoft.AspNetCore.Mvc.Infrastructure.ResourceInvoker.<InvokeAsync>g__Logged|17_1(ResourceInvoker invoker)
   at Microsoft.AspNetCore.Routing.EndpointMiddleware.<Invoke>g__AwaitRequestTask|7_0(Endpoint endpoint, Task requestTask, ILogger logger)
   at Microsoft.AspNetCore.Diagnostics.ExceptionHandlerMiddlewareImpl.<Invoke>g__Awaited|10_0(ExceptionHandlerMiddlewareImpl middleware, HttpContext context, Task task)
ClientConnectionId:09e78bbf-106e-4c0b-b167-8aafe93cbfc8
Error Number:208,State:1,Class:16
2024-06-15 12:17:25.573 +03:00 [INF] Executing endpoint 'Minimart_Api.Controllers.ErrorController.HandleError (Minimart Api)'
2024-06-15 12:17:25.574 +03:00 [INF] Route matched with {action = "HandleError", controller = "Error"}. Executing controller action with signature Microsoft.AspNetCore.Mvc.IActionResult HandleError() on controller Minimart_Api.Controllers.ErrorController (Minimart Api).
2024-06-15 12:17:25.578 +03:00 [INF] Executing ObjectResult, writing value of type 'Microsoft.AspNetCore.Mvc.ProblemDetails'.
2024-06-15 12:17:25.595 +03:00 [INF] Executed action Minimart_Api.Controllers.ErrorController.HandleError (Minimart Api) in 20.6145ms
2024-06-15 12:17:25.595 +03:00 [INF] Executed endpoint 'Minimart_Api.Controllers.ErrorController.HandleError (Minimart Api)'
2024-06-15 12:17:25.600 +03:00 [INF] Request finished HTTP/2 GET https://localhost:44334/api/Entities - 500 null application/problem+json; charset=utf-8 9356.8224ms
